#
# A fatal error has been detected by the Java Runtime Environment:
#
#  SIGSEGV (0xb) at pc=0x000000010e37b787, pid=94114, tid=259
#
# JRE version: Java(TM) SE Runtime Environment 18.9 (11.0.14+8) (build 11.0.14+8-LTS-263)
# Java VM: Java HotSpot(TM) 64-Bit Server VM 18.9 (11.0.14+8-LTS-263, mixed mode, tiered, compressed oops, g1 gc, bsd-amd64)
# Problematic frame:
# V  [libjvm.dylib+0x2d4787]  _ZN10Exceptions30throw_stack_overflow_exceptionEP6ThreadPKciRK12methodHandle+0xe5
#
# No core dump will be written. Core dumps have been disabled. To enable core dumping, try "ulimit -c unlimited" before starting Java again
#
# If you would like to submit a bug report, please visit:
#   https://bugreport.java.com/bugreport/crash.jsp
#

---------------  S U M M A R Y ------------

Command Line: -Xmx1536M -Dsbt.supershell=false -Didea.managed=true -Dfile.encoding=UTF-8 -Didea.installation.dir=/Applications/IntelliJ IDEA CE.app/Contents -Dsbt.version=1.5.8 /Users/perrettj4/Library/Application Support/JetBrains/IdeaIC2021.3/plugins/Scala/launcher/sbt-launch.jar early(addPluginSbtFile="""/private/var/folders/vb/c24nc__10cbf9l5_h3q_bl4r0000gn/T/idea.sbt""") ; set ideaPort in Global := 52828 ; idea-shell

Host: MacBookPro17,1 x86_64 2400 MHz, 8 cores, 16G, Darwin 21.3.0
Time: Fri Apr 29 15:05:01 2022 BST elapsed time: 340676.152444 seconds (3d 22h 37m 56s)

---------------  T H R E A D  ---------------

Current thread is native thread

Stack: [0x000000030d574000,0x000000030dd74000],  sp=0x000000030dd70cb0,  free space=8179k
Native frames: (J=compiled Java code, j=interpreted, Vv=VM code, C=native code)
V  [libjvm.dylib+0x2d4787]  _ZN10Exceptions30throw_stack_overflow_exceptionEP6ThreadPKciRK12methodHandle+0xe5
V  [libjvm.dylib+0x3cfe37]  _ZL20jni_invoke_nonstaticP7JNIEnv_P9JavaValueP8_jobject11JNICallTypeP10_jmethodIDP18JNI_ArgumentPusherP6Thread+0x25b
V  [libjvm.dylib+0x3d0021]  jni_NewObjectV+0x185
C  [17685430701894740445-libswoval-files0.dylib+0x5116]  _ZN7JNIEnv_9NewObjectEP7_jclassP10_jmethodIDz+0x86
C  [17685430701894740445-libswoval-files0.dylib+0x46df]  _ZN6swovalL12jni_callbackENSt3__110unique_ptrINS0_6vectorINS0_4pairINS0_12basic_stringIcNS0_11char_traitsIcEENS0_9allocatorIcEEEEiEENS7_ISA_EEEENS0_14default_deleteISC_EEEEPNS_6handleINS_14service_handleEEENS0_11unique_lockINS0_5mutexEEE+0x9f
C  [17685430701894740445-libswoval-files0.dylib+0x71f8]  _ZN6swoval6handleINS_14service_handleEE15defaultCallbackEPK15__FSEventStreamPvmS6_PKjPKy+0x478
C  [FSEvents+0x55e5]  root_dir_event_callback+0x8c
C  [FSEvents+0x7c2f]  server_gone_StreamRef_callback+0x43f
C  [CoreFoundation+0xfff2f]  ____CFMachPortChecker_block_invoke+0x62
C  [libdispatch.dylib+0x1ad8]  _dispatch_call_block_and_release+0xc
C  [libdispatch.dylib+0x2cc9]  _dispatch_client_callout+0x8
C  [libdispatch.dylib+0xf5d8]  _dispatch_main_queue_callback_4CF+0x3b7
C  [CoreFoundation+0xbd458]  __CFRUNLOOP_IS_SERVICING_THE_MAIN_DISPATCH_QUEUE__+0x9
C  [CoreFoundation+0x7ea46]  __CFRunLoopRun+0xac8
C  [CoreFoundation+0x7d8a9]  CFRunLoopRunSpecific+0x237
C  [libjli.dylib+0x65ac]  CreateExecutionEnvironment+0x18e
C  [libjli.dylib+0x2817]  JLI_Launch+0x523
C  [java+0x12cc]  main+0x16c
C  0x00000002050284fe


siginfo: si_signo: 11 (SIGSEGV), si_code: 1 (SEGV_MAPERR), si_addr: 0x0000000000000288

Register to memory mapping:

RAX=0x0 is NULL
RBX=
[error occurred during error reporting (printing register info), id 0xb, SIGSEGV (0xb) at pc=0x000000010e7e6f90]

Registers:
RAX=0x0000000000000000, RBX=0x0000000000000190, RCX=0x000000013a8a4cb0, RDX=0x0000600002262240
RSP=0x000000030dd70cb0, RBP=0x000000030dd70d00, RSI=0xfffffffffffffff7, RDI=0x000000010ea15b28
R8 =0x0000000000000005, R9 =0x000000030dd70e70, R10=0x6365642d7972746e, R11=0x6e6f69746172616c
R12=0x0000600000673860, R13=0x000000030dd70d90, R14=0x0000000000000190, R15=0x00007fb066d2f800
RIP=0x000000010e37b787, EFLAGS=0x0000000000000206, ERR=0x0000000000000004
  TRAPNO=0x000000000000000e

Top of Stack: (sp=0x000000030dd70cb0)
0x000000030dd70cb0:   000000010e8659e9 000000013a8a4cb0
0x000000030dd70cc0:   000000013a8a4cb0 0000000000000000
0x000000030dd70cd0:   000000010e88db60 000000030dd70eb0
0x000000030dd70ce0:   00007fb066d2f800 000000030dd70da0
0x000000030dd70cf0:   000000030dd70d10 000000030dd70e70
0x000000030dd70d00:   000000030dd70e50 000000010e476e37
0x000000030dd70d10:   000000010e9c48f8 00007fb0388a4df0
0x000000030dd70d20:   0000000000000002 0000000000000000
0x000000030dd70d30:   0000000000000000 2422300ad0176800
0x000000030dd70d40:   000000013a8a4cb0 00007fb066d2f800
0x000000030dd70d50:   00006000036d1740 00007fb006741630
0x000000030dd70d60:   00007fb006741640 00007fb006741a18
0x000000030dd70d70:   00000000000003d8 000000030dd70e70
0x000000030dd70d80:   00007fb066d2fb48 0000600000673858
0x000000030dd70d90:   000000013a8a4cb0 00007fb066d2f800
0x000000030dd70da0:   000000013a8a4cb0 0000600000673858
0x000000030dd70db0:   00007fb011818498 0000000300000005
0x000000030dd70dc0:   000000030dd70000 0000000000000000
0x000000030dd70dd0:   000000030dd70d00 00000007b1b04490
0x000000030dd70de0:   00007fb066d2f800 0000000000030221
0x000000030dd70df0:   000000030dd70e30 000000030dd70da8
0x000000030dd70e00:   000000030dd70de9 0000000800000003
0x000000030dd70e10:   00007fb06680d600 0000000000000000
0x000000030dd70e20:   756aee5f9cc3002d 00007fb066d2f800
0x000000030dd70e30:   00007fb011818490 0000000000000000
0x000000030dd70e40:   000000030dd70e70 00007fb066d2fb48
0x000000030dd70e50:   000000030dd70f20 000000010e477021
0x000000030dd70e60:   00007fb066d2f800 000000030dd70ee0
0x000000030dd70e70:   000000010e9c6588 00007fb0388a4df0
0x000000030dd70e80:   000000000d330000 000000030000000e
0x000000030dd70e90:   000000030dd70da0 0000003000000028
0x000000030dd70ea0:   000000030dd71010 000000030dd70f30 

Instructions: (pc=0x000000010e37b787)
0x000000010e37b767:   00 48 89 4d c0 31 c0 48 89 45 c8 48 85 c9 74 23
0x000000010e37b777:   48 8d 3d aa a3 69 00 ff 17 48 8b 00 48 89 45 c8
0x000000010e37b787:   48 8b b8 88 02 00 00 48 8d 75 b8 48 89 0e e8 a6
0x000000010e37b797:   d9 48 00 4c 8d 75 c0 4c 89 e7 4c 89 f6 e8 41 16 

Stack slot to memory mapping:
stack at sp + 0 slots: 
[error occurred during error reporting (inspecting top of stack), id 0xb, SIGSEGV (0xb) at pc=0x000000010e7e6f90]


---------------  P R O C E S S  ---------------

VM state:not at safepoint (normal execution)

VM Mutex/Monitor currently owned by a thread: None

Heap address: 0x00000007a0000000, size: 1536 MB, Compressed Oops mode: Zero based, Oop shift amount: 3
Narrow klass base: 0x0000000800000000, Narrow klass shift: 0
Compressed class space size: 1073741824 Address: 0x0000000800000000

Heap:
 garbage-first heap   total 355328K, used 214742K [0x00000007a0000000, 0x0000000800000000)
  region size 1024K, 70 young (71680K), 1 survivors (1024K)
 Metaspace       used 255604K, capacity 275504K, committed 276128K, reserved 1277952K
  class space    used 38074K, capacity 48322K, committed 48556K, reserved 1048576K
Heap Regions: E=young(eden), S=young(survivor), O=old, HS=humongous(starts), HC=humongous(continues), CS=collection set, F=free, A=archive, TAMS=top-at-mark-start (previous, next)
|   0|0x00000007a0000000, 0x00000007a0100000, 0x00000007a0100000|100%| O|  |TAMS 0x00000007a0100000, 0x00000007a0000000| Untracked 
|   1|0x00000007a0100000, 0x00000007a0200000, 0x00000007a0200000|100%| O|  |TAMS 0x00000007a0200000, 0x00000007a0100000| Untracked 
|   2|0x00000007a0200000, 0x00000007a0300000, 0x00000007a0300000|100%| O|  |TAMS 0x00000007a0300000, 0x00000007a0200000| Untracked 
|   3|0x00000007a0300000, 0x00000007a0400000, 0x00000007a0400000|100%| O|  |TAMS 0x00000007a0400000, 0x00000007a0300000| Untracked 
|   4|0x00000007a0400000, 0x00000007a0500000, 0x00000007a0500000|100%| O|  |TAMS 0x00000007a0500000, 0x00000007a0400000| Untracked 
|   5|0x00000007a0500000, 0x00000007a0600000, 0x00000007a0600000|100%| O|  |TAMS 0x00000007a0600000, 0x00000007a0500000| Untracked 
|   6|0x00000007a0600000, 0x00000007a0700000, 0x00000007a0700000|100%| O|  |TAMS 0x00000007a0700000, 0x00000007a0600000| Untracked 
|   7|0x00000007a0700000, 0x00000007a0800000, 0x00000007a0800000|100%| O|  |TAMS 0x00000007a0800000, 0x00000007a0700000| Untracked 
|   8|0x00000007a0800000, 0x00000007a0900000, 0x00000007a0900000|100%| O|  |TAMS 0x00000007a0900000, 0x00000007a0800000| Untracked 
|   9|0x00000007a0900000, 0x00000007a0a00000, 0x00000007a0a00000|100%| O|  |TAMS 0x00000007a0a00000, 0x00000007a0900000| Untracked 
|  10|0x00000007a0a00000, 0x00000007a0b00000, 0x00000007a0b00000|100%| O|  |TAMS 0x00000007a0b00000, 0x00000007a0a00000| Untracked 
|  11|0x00000007a0b00000, 0x00000007a0c00000, 0x00000007a0c00000|100%| O|  |TAMS 0x00000007a0c00000, 0x00000007a0b00000| Untracked 
|  12|0x00000007a0c00000, 0x00000007a0d00000, 0x00000007a0d00000|100%| O|  |TAMS 0x00000007a0d00000, 0x00000007a0c00000| Untracked 
|  13|0x00000007a0d00000, 0x00000007a0e00000, 0x00000007a0e00000|100%| O|  |TAMS 0x00000007a0e00000, 0x00000007a0d00000| Untracked 
|  14|0x00000007a0e00000, 0x00000007a0f00000, 0x00000007a0f00000|100%| O|  |TAMS 0x00000007a0f00000, 0x00000007a0e00000| Untracked 
|  15|0x00000007a0f00000, 0x00000007a1000000, 0x00000007a1000000|100%| O|  |TAMS 0x00000007a1000000, 0x00000007a0f00000| Untracked 
|  16|0x00000007a1000000, 0x00000007a1100000, 0x00000007a1100000|100%| O|  |TAMS 0x00000007a1100000, 0x00000007a1000000| Untracked 
|  17|0x00000007a1100000, 0x00000007a1200000, 0x00000007a1200000|100%| O|  |TAMS 0x00000007a1200000, 0x00000007a1100000| Untracked 
|  18|0x00000007a1200000, 0x00000007a1300000, 0x00000007a1300000|100%| O|  |TAMS 0x00000007a1300000, 0x00000007a1200000| Untracked 
|  19|0x00000007a1300000, 0x00000007a1400000, 0x00000007a1400000|100%| O|  |TAMS 0x00000007a1400000, 0x00000007a1300000| Untracked 
|  20|0x00000007a1400000, 0x00000007a1500000, 0x00000007a1500000|100%| O|  |TAMS 0x00000007a1500000, 0x00000007a1400000| Untracked 
|  21|0x00000007a1500000, 0x00000007a1600000, 0x00000007a1600000|100%| O|  |TAMS 0x00000007a1600000, 0x00000007a1500000| Untracked 
|  22|0x00000007a1600000, 0x00000007a1700000, 0x00000007a1700000|100%| O|  |TAMS 0x00000007a1700000, 0x00000007a1600000| Untracked 
|  23|0x00000007a1700000, 0x00000007a1800000, 0x00000007a1800000|100%| O|  |TAMS 0x00000007a1800000, 0x00000007a1700000| Untracked 
|  24|0x00000007a1800000, 0x00000007a1900000, 0x00000007a1900000|100%| O|  |TAMS 0x00000007a1900000, 0x00000007a1800000| Untracked 
|  25|0x00000007a1900000, 0x00000007a197be00, 0x00000007a1a00000| 48%| O|  |TAMS 0x00000007a197be00, 0x00000007a1900000| Untracked 
|  26|0x00000007a1a00000, 0x00000007a1b00000, 0x00000007a1b00000|100%| O|  |TAMS 0x00000007a1b00000, 0x00000007a1a00000| Untracked 
|  27|0x00000007a1b00000, 0x00000007a1c00000, 0x00000007a1c00000|100%| O|  |TAMS 0x00000007a1c00000, 0x00000007a1b00000| Untracked 
|  28|0x00000007a1c00000, 0x00000007a1d00000, 0x00000007a1d00000|100%| O|  |TAMS 0x00000007a1d00000, 0x00000007a1c00000| Untracked 
|  29|0x00000007a1d00000, 0x00000007a1e00000, 0x00000007a1e00000|100%| O|  |TAMS 0x00000007a1e00000, 0x00000007a1d00000| Untracked 
|  30|0x00000007a1e00000, 0x00000007a1f00000, 0x00000007a1f00000|100%| O|  |TAMS 0x00000007a1f00000, 0x00000007a1e00000| Untracked 
|  31|0x00000007a1f00000, 0x00000007a2000000, 0x00000007a2000000|100%| O|  |TAMS 0x00000007a2000000, 0x00000007a1f00000| Untracked 
|  32|0x00000007a2000000, 0x00000007a2100000, 0x00000007a2100000|100%| O|  |TAMS 0x00000007a2100000, 0x00000007a2000000| Untracked 
|  33|0x00000007a2100000, 0x00000007a2200000, 0x00000007a2200000|100%| O|  |TAMS 0x00000007a2200000, 0x00000007a2100000| Untracked 
|  34|0x00000007a2200000, 0x00000007a2300000, 0x00000007a2300000|100%| O|  |TAMS 0x00000007a2300000, 0x00000007a2200000| Untracked 
|  35|0x00000007a2300000, 0x00000007a2400000, 0x00000007a2400000|100%| O|  |TAMS 0x00000007a2400000, 0x00000007a2300000| Untracked 
|  36|0x00000007a2400000, 0x00000007a2500000, 0x00000007a2500000|100%| O|  |TAMS 0x00000007a2500000, 0x00000007a2400000| Untracked 
|  37|0x00000007a2500000, 0x00000007a2600000, 0x00000007a2600000|100%| O|  |TAMS 0x00000007a2600000, 0x00000007a2500000| Untracked 
|  38|0x00000007a2600000, 0x00000007a2700000, 0x00000007a2700000|100%| O|  |TAMS 0x00000007a2700000, 0x00000007a2600000| Untracked 
|  39|0x00000007a2700000, 0x00000007a2800000, 0x00000007a2800000|100%| O|  |TAMS 0x00000007a2800000, 0x00000007a2700000| Untracked 
|  40|0x00000007a2800000, 0x00000007a2900000, 0x00000007a2900000|100%| O|  |TAMS 0x00000007a2900000, 0x00000007a2800000| Untracked 
|  41|0x00000007a2900000, 0x00000007a2900000, 0x00000007a2a00000|  0%| F|  |TAMS 0x00000007a2900000, 0x00000007a2900000| Untracked 
|  42|0x00000007a2a00000, 0x00000007a2b00000, 0x00000007a2b00000|100%| O|  |TAMS 0x00000007a2b00000, 0x00000007a2a00000| Untracked 
|  43|0x00000007a2b00000, 0x00000007a2c00000, 0x00000007a2c00000|100%| O|  |TAMS 0x00000007a2c00000, 0x00000007a2b00000| Untracked 
|  44|0x00000007a2c00000, 0x00000007a2d00000, 0x00000007a2d00000|100%| O|  |TAMS 0x00000007a2d00000, 0x00000007a2c00000| Untracked 
|  45|0x00000007a2d00000, 0x00000007a2e00000, 0x00000007a2e00000|100%| O|  |TAMS 0x00000007a2e00000, 0x00000007a2d00000| Untracked 
|  46|0x00000007a2e00000, 0x00000007a2f00000, 0x00000007a2f00000|100%| O|  |TAMS 0x00000007a2f00000, 0x00000007a2e00000| Untracked 
|  47|0x00000007a2f00000, 0x00000007a3000000, 0x00000007a3000000|100%| O|  |TAMS 0x00000007a3000000, 0x00000007a2f00000| Untracked 
|  48|0x00000007a3000000, 0x00000007a3100000, 0x00000007a3100000|100%| O|  |TAMS 0x00000007a3100000, 0x00000007a3000000| Untracked 
|  49|0x00000007a3100000, 0x00000007a3200000, 0x00000007a3200000|100%| O|  |TAMS 0x00000007a3200000, 0x00000007a3100000| Untracked 
|  50|0x00000007a3200000, 0x00000007a3300000, 0x00000007a3300000|100%| O|  |TAMS 0x00000007a3300000, 0x00000007a3200000| Untracked 
|  51|0x00000007a3300000, 0x00000007a3400000, 0x00000007a3400000|100%| O|  |TAMS 0x00000007a3400000, 0x00000007a3300000| Untracked 
|  52|0x00000007a3400000, 0x00000007a3500000, 0x00000007a3500000|100%| O|  |TAMS 0x00000007a3500000, 0x00000007a3400000| Untracked 
|  53|0x00000007a3500000, 0x00000007a3600000, 0x00000007a3600000|100%| O|  |TAMS 0x00000007a3600000, 0x00000007a3500000| Untracked 
|  54|0x00000007a3600000, 0x00000007a3700000, 0x00000007a3700000|100%| O|  |TAMS 0x00000007a3700000, 0x00000007a3600000| Untracked 
|  55|0x00000007a3700000, 0x00000007a3800000, 0x00000007a3800000|100%| O|  |TAMS 0x00000007a3800000, 0x00000007a3700000| Untracked 
|  56|0x00000007a3800000, 0x00000007a3900000, 0x00000007a3900000|100%| O|  |TAMS 0x00000007a3900000, 0x00000007a3800000| Untracked 
|  57|0x00000007a3900000, 0x00000007a3a00000, 0x00000007a3a00000|100%| O|  |TAMS 0x00000007a3a00000, 0x00000007a3900000| Untracked 
|  58|0x00000007a3a00000, 0x00000007a3a00000, 0x00000007a3b00000|  0%| F|  |TAMS 0x00000007a3a00000, 0x00000007a3a00000| Untracked 
|  59|0x00000007a3b00000, 0x00000007a3c00000, 0x00000007a3c00000|100%|HS|  |TAMS 0x00000007a3c00000, 0x00000007a3b00000| Complete 
|  60|0x00000007a3c00000, 0x00000007a3d00000, 0x00000007a3d00000|100%|HC|  |TAMS 0x00000007a3d00000, 0x00000007a3c00000| Complete 
|  61|0x00000007a3d00000, 0x00000007a3d00000, 0x00000007a3e00000|  0%| F|  |TAMS 0x00000007a3d00000, 0x00000007a3d00000| Untracked 
|  62|0x00000007a3e00000, 0x00000007a3f00000, 0x00000007a3f00000|100%| O|  |TAMS 0x00000007a3f00000, 0x00000007a3e00000| Untracked 
|  63|0x00000007a3f00000, 0x00000007a4000000, 0x00000007a4000000|100%| O|  |TAMS 0x00000007a4000000, 0x00000007a3f00000| Untracked 
|  64|0x00000007a4000000, 0x00000007a4100000, 0x00000007a4100000|100%| O|  |TAMS 0x00000007a4100000, 0x00000007a4000000| Untracked 
|  65|0x00000007a4100000, 0x00000007a4200000, 0x00000007a4200000|100%| O|  |TAMS 0x00000007a4200000, 0x00000007a4100000| Untracked 
|  66|0x00000007a4200000, 0x00000007a4200000, 0x00000007a4300000|  0%| F|  |TAMS 0x00000007a4200000, 0x00000007a4200000| Untracked 
|  67|0x00000007a4300000, 0x00000007a4300000, 0x00000007a4400000|  0%| F|  |TAMS 0x00000007a4300000, 0x00000007a4300000| Untracked 
|  68|0x00000007a4400000, 0x00000007a4400000, 0x00000007a4500000|  0%| F|  |TAMS 0x00000007a4400000, 0x00000007a4400000| Untracked 
|  69|0x00000007a4500000, 0x00000007a4600000, 0x00000007a4600000|100%| O|  |TAMS 0x00000007a4600000, 0x00000007a4500000| Untracked 
|  70|0x00000007a4600000, 0x00000007a4700000, 0x00000007a4700000|100%| O|  |TAMS 0x00000007a4700000, 0x00000007a4600000| Untracked 
|  71|0x00000007a4700000, 0x00000007a4800000, 0x00000007a4800000|100%| O|  |TAMS 0x00000007a4800000, 0x00000007a4700000| Untracked 
|  72|0x00000007a4800000, 0x00000007a4900000, 0x00000007a4900000|100%| O|  |TAMS 0x00000007a4900000, 0x00000007a4800000| Untracked 
|  73|0x00000007a4900000, 0x00000007a4a00000, 0x00000007a4a00000|100%| O|  |TAMS 0x00000007a4a00000, 0x00000007a4900000| Untracked 
|  74|0x00000007a4a00000, 0x00000007a4b00000, 0x00000007a4b00000|100%| O|  |TAMS 0x00000007a4b00000, 0x00000007a4a00000| Untracked 
|  75|0x00000007a4b00000, 0x00000007a4b00000, 0x00000007a4c00000|  0%| F|  |TAMS 0x00000007a4b00000, 0x00000007a4b00000| Untracked 
|  76|0x00000007a4c00000, 0x00000007a4d00000, 0x00000007a4d00000|100%| O|  |TAMS 0x00000007a4d00000, 0x00000007a4c00000| Untracked 
|  77|0x00000007a4d00000, 0x00000007a4e00000, 0x00000007a4e00000|100%| O|  |TAMS 0x00000007a4e00000, 0x00000007a4d00000| Untracked 
|  78|0x00000007a4e00000, 0x00000007a4f00000, 0x00000007a4f00000|100%| O|  |TAMS 0x00000007a4f00000, 0x00000007a4e00000| Untracked 
|  79|0x00000007a4f00000, 0x00000007a4f00000, 0x00000007a5000000|  0%| F|  |TAMS 0x00000007a4f00000, 0x00000007a4f00000| Untracked 
|  80|0x00000007a5000000, 0x00000007a5100000, 0x00000007a5100000|100%| O|  |TAMS 0x00000007a5100000, 0x00000007a5000000| Untracked 
|  81|0x00000007a5100000, 0x00000007a5200000, 0x00000007a5200000|100%| O|  |TAMS 0x00000007a5200000, 0x00000007a5100000| Untracked 
|  82|0x00000007a5200000, 0x00000007a5300000, 0x00000007a5300000|100%| O|  |TAMS 0x00000007a5300000, 0x00000007a5200000| Untracked 
|  83|0x00000007a5300000, 0x00000007a5400000, 0x00000007a5400000|100%| O|  |TAMS 0x00000007a5400000, 0x00000007a5300000| Untracked 
|  84|0x00000007a5400000, 0x00000007a5500000, 0x00000007a5500000|100%| O|  |TAMS 0x00000007a5500000, 0x00000007a5400000| Untracked 
|  85|0x00000007a5500000, 0x00000007a5600000, 0x00000007a5600000|100%| O|  |TAMS 0x00000007a5600000, 0x00000007a5500000| Untracked 
|  86|0x00000007a5600000, 0x00000007a5700000, 0x00000007a5700000|100%| O|  |TAMS 0x00000007a5700000, 0x00000007a5600000| Untracked 
|  87|0x00000007a5700000, 0x00000007a5800000, 0x00000007a5800000|100%| O|  |TAMS 0x00000007a5800000, 0x00000007a5700000| Untracked 
|  88|0x00000007a5800000, 0x00000007a5900000, 0x00000007a5900000|100%| O|  |TAMS 0x00000007a5900000, 0x00000007a5800000| Untracked 
|  89|0x00000007a5900000, 0x00000007a5a00000, 0x00000007a5a00000|100%| O|  |TAMS 0x00000007a5a00000, 0x00000007a5900000| Untracked 
|  90|0x00000007a5a00000, 0x00000007a5b00000, 0x00000007a5b00000|100%| O|  |TAMS 0x00000007a5b00000, 0x00000007a5a00000| Untracked 
|  91|0x00000007a5b00000, 0x00000007a5c00000, 0x00000007a5c00000|100%| O|  |TAMS 0x00000007a5c00000, 0x00000007a5b00000| Untracked 
|  92|0x00000007a5c00000, 0x00000007a5d00000, 0x00000007a5d00000|100%| O|  |TAMS 0x00000007a5d00000, 0x00000007a5c00000| Untracked 
|  93|0x00000007a5d00000, 0x00000007a5e00000, 0x00000007a5e00000|100%| O|  |TAMS 0x00000007a5e00000, 0x00000007a5d00000| Untracked 
|  94|0x00000007a5e00000, 0x00000007a5f00000, 0x00000007a5f00000|100%| O|  |TAMS 0x00000007a5f00000, 0x00000007a5e00000| Untracked 
|  95|0x00000007a5f00000, 0x00000007a6000000, 0x00000007a6000000|100%| O|  |TAMS 0x00000007a6000000, 0x00000007a5f00000| Untracked 
|  96|0x00000007a6000000, 0x00000007a6100000, 0x00000007a6100000|100%| O|  |TAMS 0x00000007a6100000, 0x00000007a6000000| Untracked 
|  97|0x00000007a6100000, 0x00000007a6100000, 0x00000007a6200000|  0%| F|  |TAMS 0x00000007a6100000, 0x00000007a6100000| Untracked 
|  98|0x00000007a6200000, 0x00000007a6200000, 0x00000007a6300000|  0%| F|  |TAMS 0x00000007a6200000, 0x00000007a6200000| Untracked 
|  99|0x00000007a6300000, 0x00000007a6400000, 0x00000007a6400000|100%| O|  |TAMS 0x00000007a6400000, 0x00000007a6300000| Untracked 
| 100|0x00000007a6400000, 0x00000007a6400000, 0x00000007a6500000|  0%| F|  |TAMS 0x00000007a6400000, 0x00000007a6400000| Untracked 
| 101|0x00000007a6500000, 0x00000007a6500000, 0x00000007a6600000|  0%| F|  |TAMS 0x00000007a6500000, 0x00000007a6500000| Untracked 
| 102|0x00000007a6600000, 0x00000007a6600000, 0x00000007a6700000|  0%| F|  |TAMS 0x00000007a6600000, 0x00000007a6600000| Untracked 
| 103|0x00000007a6700000, 0x00000007a6700000, 0x00000007a6800000|  0%| F|  |TAMS 0x00000007a6700000, 0x00000007a6700000| Untracked 
| 104|0x00000007a6800000, 0x00000007a6800000, 0x00000007a6900000|  0%| F|  |TAMS 0x00000007a6800000, 0x00000007a6800000| Untracked 
| 105|0x00000007a6900000, 0x00000007a6900000, 0x00000007a6a00000|  0%| F|  |TAMS 0x00000007a6900000, 0x00000007a6900000| Untracked 
| 106|0x00000007a6a00000, 0x00000007a6b00000, 0x00000007a6b00000|100%| O|  |TAMS 0x00000007a6b00000, 0x00000007a6a00000| Untracked 
| 107|0x00000007a6b00000, 0x00000007a6b00000, 0x00000007a6c00000|  0%| F|  |TAMS 0x00000007a6b00000, 0x00000007a6b00000| Untracked 
| 108|0x00000007a6c00000, 0x00000007a6c00000, 0x00000007a6d00000|  0%| F|  |TAMS 0x00000007a6c00000, 0x00000007a6c00000| Untracked 
| 109|0x00000007a6d00000, 0x00000007a6d00000, 0x00000007a6e00000|  0%| F|  |TAMS 0x00000007a6d00000, 0x00000007a6d00000| Untracked 
| 110|0x00000007a6e00000, 0x00000007a6e00000, 0x00000007a6f00000|  0%| F|  |TAMS 0x00000007a6e00000, 0x00000007a6e00000| Untracked 
| 111|0x00000007a6f00000, 0x00000007a7000000, 0x00000007a7000000|100%| O|  |TAMS 0x00000007a7000000, 0x00000007a6f00000| Untracked 
| 112|0x00000007a7000000, 0x00000007a7100000, 0x00000007a7100000|100%| O|  |TAMS 0x00000007a7100000, 0x00000007a7000000| Untracked 
| 113|0x00000007a7100000, 0x00000007a7200000, 0x00000007a7200000|100%| O|  |TAMS 0x00000007a7200000, 0x00000007a7100000| Untracked 
| 114|0x00000007a7200000, 0x00000007a7300000, 0x00000007a7300000|100%| O|  |TAMS 0x00000007a7300000, 0x00000007a7200000| Untracked 
| 115|0x00000007a7300000, 0x00000007a7400000, 0x00000007a7400000|100%| O|  |TAMS 0x00000007a7400000, 0x00000007a7300000| Untracked 
| 116|0x00000007a7400000, 0x00000007a7500000, 0x00000007a7500000|100%| O|  |TAMS 0x00000007a7500000, 0x00000007a7400000| Untracked 
| 117|0x00000007a7500000, 0x00000007a7500000, 0x00000007a7600000|  0%| F|  |TAMS 0x00000007a7500000, 0x00000007a7500000| Untracked 
| 118|0x00000007a7600000, 0x00000007a7600000, 0x00000007a7700000|  0%| F|  |TAMS 0x00000007a7600000, 0x00000007a7600000| Untracked 
| 119|0x00000007a7700000, 0x00000007a7800000, 0x00000007a7800000|100%| O|  |TAMS 0x00000007a7800000, 0x00000007a7700000| Untracked 
| 120|0x00000007a7800000, 0x00000007a7800000, 0x00000007a7900000|  0%| F|  |TAMS 0x00000007a7800000, 0x00000007a7800000| Untracked 
| 121|0x00000007a7900000, 0x00000007a7900000, 0x00000007a7a00000|  0%| F|  |TAMS 0x00000007a7900000, 0x00000007a7900000| Untracked 
| 122|0x00000007a7a00000, 0x00000007a7a00000, 0x00000007a7b00000|  0%| F|  |TAMS 0x00000007a7a00000, 0x00000007a7a00000| Untracked 
| 123|0x00000007a7b00000, 0x00000007a7b00000, 0x00000007a7c00000|  0%| F|  |TAMS 0x00000007a7b00000, 0x00000007a7b00000| Untracked 
| 124|0x00000007a7c00000, 0x00000007a7d00000, 0x00000007a7d00000|100%| O|  |TAMS 0x00000007a7d00000, 0x00000007a7c00000| Untracked 
| 125|0x00000007a7d00000, 0x00000007a7d00000, 0x00000007a7e00000|  0%| F|  |TAMS 0x00000007a7d00000, 0x00000007a7d00000| Untracked 
| 126|0x00000007a7e00000, 0x00000007a7e00000, 0x00000007a7f00000|  0%| F|  |TAMS 0x00000007a7e00000, 0x00000007a7e00000| Untracked 
| 127|0x00000007a7f00000, 0x00000007a7f00000, 0x00000007a8000000|  0%| F|  |TAMS 0x00000007a7f00000, 0x00000007a7f00000| Untracked 
| 128|0x00000007a8000000, 0x00000007a8000000, 0x00000007a8100000|  0%| F|  |TAMS 0x00000007a8000000, 0x00000007a8000000| Untracked 
| 129|0x00000007a8100000, 0x00000007a8100000, 0x00000007a8200000|  0%| F|  |TAMS 0x00000007a8100000, 0x00000007a8100000| Untracked 
| 130|0x00000007a8200000, 0x00000007a8200000, 0x00000007a8300000|  0%| F|  |TAMS 0x00000007a8200000, 0x00000007a8200000| Untracked 
| 131|0x00000007a8300000, 0x00000007a8300000, 0x00000007a8400000|  0%| F|  |TAMS 0x00000007a8300000, 0x00000007a8300000| Untracked 
| 132|0x00000007a8400000, 0x00000007a8500000, 0x00000007a8500000|100%| O|  |TAMS 0x00000007a8500000, 0x00000007a8400000| Untracked 
| 133|0x00000007a8500000, 0x00000007a8500000, 0x00000007a8600000|  0%| F|  |TAMS 0x00000007a8500000, 0x00000007a8500000| Untracked 
| 134|0x00000007a8600000, 0x00000007a8600000, 0x00000007a8700000|  0%| F|  |TAMS 0x00000007a8600000, 0x00000007a8600000| Untracked 
| 135|0x00000007a8700000, 0x00000007a8700000, 0x00000007a8800000|  0%| F|  |TAMS 0x00000007a8700000, 0x00000007a8700000| Untracked 
| 136|0x00000007a8800000, 0x00000007a8900000, 0x00000007a8900000|100%| O|  |TAMS 0x00000007a8900000, 0x00000007a8800000| Untracked 
| 137|0x00000007a8900000, 0x00000007a8a00000, 0x00000007a8a00000|100%| O|  |TAMS 0x00000007a8a00000, 0x00000007a8900000| Untracked 
| 138|0x00000007a8a00000, 0x00000007a8b00000, 0x00000007a8b00000|100%| O|  |TAMS 0x00000007a8b00000, 0x00000007a8a00000| Untracked 
| 139|0x00000007a8b00000, 0x00000007a8c00000, 0x00000007a8c00000|100%| O|  |TAMS 0x00000007a8c00000, 0x00000007a8b00000| Untracked 
| 140|0x00000007a8c00000, 0x00000007a8d00000, 0x00000007a8d00000|100%| O|  |TAMS 0x00000007a8d00000, 0x00000007a8c00000| Untracked 
| 141|0x00000007a8d00000, 0x00000007a8e00000, 0x00000007a8e00000|100%| O|  |TAMS 0x00000007a8e00000, 0x00000007a8d00000| Untracked 
| 142|0x00000007a8e00000, 0x00000007a8f00000, 0x00000007a8f00000|100%| O|  |TAMS 0x00000007a8f00000, 0x00000007a8e00000| Untracked 
| 143|0x00000007a8f00000, 0x00000007a9000000, 0x00000007a9000000|100%| O|  |TAMS 0x00000007a9000000, 0x00000007a8f00000| Untracked 
| 144|0x00000007a9000000, 0x00000007a9100000, 0x00000007a9100000|100%| O|  |TAMS 0x00000007a9100000, 0x00000007a9000000| Untracked 
| 145|0x00000007a9100000, 0x00000007a9200000, 0x00000007a9200000|100%| O|  |TAMS 0x00000007a9200000, 0x00000007a9100000| Untracked 
| 146|0x00000007a9200000, 0x00000007a9300000, 0x00000007a9300000|100%| O|  |TAMS 0x00000007a9300000, 0x00000007a9200000| Untracked 
| 147|0x00000007a9300000, 0x00000007a9400000, 0x00000007a9400000|100%| O|  |TAMS 0x00000007a9400000, 0x00000007a9300000| Untracked 
| 148|0x00000007a9400000, 0x00000007a9400000, 0x00000007a9500000|  0%| F|  |TAMS 0x00000007a9400000, 0x00000007a9400000| Untracked 
| 149|0x00000007a9500000, 0x00000007a9600000, 0x00000007a9600000|100%| O|  |TAMS 0x00000007a9600000, 0x00000007a9500000| Untracked 
| 150|0x00000007a9600000, 0x00000007a9600000, 0x00000007a9700000|  0%| F|  |TAMS 0x00000007a9600000, 0x00000007a9600000| Untracked 
| 151|0x00000007a9700000, 0x00000007a9800000, 0x00000007a9800000|100%| O|  |TAMS 0x00000007a9800000, 0x00000007a9700000| Untracked 
| 152|0x00000007a9800000, 0x00000007a9900000, 0x00000007a9900000|100%| O|  |TAMS 0x00000007a9900000, 0x00000007a9800000| Untracked 
| 153|0x00000007a9900000, 0x00000007a9a00000, 0x00000007a9a00000|100%| O|  |TAMS 0x00000007a9a00000, 0x00000007a9900000| Untracked 
| 154|0x00000007a9a00000, 0x00000007a9a00000, 0x00000007a9b00000|  0%| F|  |TAMS 0x00000007a9a00000, 0x00000007a9a00000| Untracked 
| 155|0x00000007a9b00000, 0x00000007a9b00000, 0x00000007a9c00000|  0%| F|  |TAMS 0x00000007a9b00000, 0x00000007a9b00000| Untracked 
| 156|0x00000007a9c00000, 0x00000007a9d00000, 0x00000007a9d00000|100%| O|  |TAMS 0x00000007a9d00000, 0x00000007a9c00000| Untracked 
| 157|0x00000007a9d00000, 0x00000007a9e00000, 0x00000007a9e00000|100%| O|  |TAMS 0x00000007a9e00000, 0x00000007a9d00000| Untracked 
| 158|0x00000007a9e00000, 0x00000007a9f00000, 0x00000007a9f00000|100%| O|  |TAMS 0x00000007a9f00000, 0x00000007a9e00000| Untracked 
| 159|0x00000007a9f00000, 0x00000007aa000000, 0x00000007aa000000|100%| O|  |TAMS 0x00000007aa000000, 0x00000007a9f00000| Untracked 
| 160|0x00000007aa000000, 0x00000007aa100000, 0x00000007aa100000|100%| O|  |TAMS 0x00000007aa100000, 0x00000007aa000000| Untracked 
| 161|0x00000007aa100000, 0x00000007aa200000, 0x00000007aa200000|100%| O|  |TAMS 0x00000007aa200000, 0x00000007aa100000| Untracked 
| 162|0x00000007aa200000, 0x00000007aa200000, 0x00000007aa300000|  0%| F|  |TAMS 0x00000007aa200000, 0x00000007aa200000| Untracked 
| 163|0x00000007aa300000, 0x00000007aa300000, 0x00000007aa400000|  0%| F|  |TAMS 0x00000007aa300000, 0x00000007aa300000| Untracked 
| 164|0x00000007aa400000, 0x00000007aa400000, 0x00000007aa500000|  0%| F|  |TAMS 0x00000007aa400000, 0x00000007aa400000| Untracked 
| 165|0x00000007aa500000, 0x00000007aa500000, 0x00000007aa600000|  0%| F|  |TAMS 0x00000007aa500000, 0x00000007aa500000| Untracked 
| 166|0x00000007aa600000, 0x00000007aa600000, 0x00000007aa700000|  0%| F|  |TAMS 0x00000007aa600000, 0x00000007aa600000| Untracked 
| 167|0x00000007aa700000, 0x00000007aa700000, 0x00000007aa800000|  0%| F|  |TAMS 0x00000007aa700000, 0x00000007aa700000| Untracked 
| 168|0x00000007aa800000, 0x00000007aa800000, 0x00000007aa900000|  0%| F|  |TAMS 0x00000007aa800000, 0x00000007aa800000| Untracked 
| 169|0x00000007aa900000, 0x00000007aa900000, 0x00000007aaa00000|  0%| F|  |TAMS 0x00000007aa900000, 0x00000007aa900000| Untracked 
| 170|0x00000007aaa00000, 0x00000007aaa00000, 0x00000007aab00000|  0%| F|  |TAMS 0x00000007aaa00000, 0x00000007aaa00000| Untracked 
| 171|0x00000007aab00000, 0x00000007aab00000, 0x00000007aac00000|  0%| F|  |TAMS 0x00000007aab00000, 0x00000007aab00000| Untracked 
| 172|0x00000007aac00000, 0x00000007aac00000, 0x00000007aad00000|  0%| F|  |TAMS 0x00000007aac00000, 0x00000007aac00000| Untracked 
| 173|0x00000007aad00000, 0x00000007aad00000, 0x00000007aae00000|  0%| F|  |TAMS 0x00000007aad00000, 0x00000007aad00000| Untracked 
| 174|0x00000007aae00000, 0x00000007aae00000, 0x00000007aaf00000|  0%| F|  |TAMS 0x00000007aae00000, 0x00000007aae00000| Untracked 
| 175|0x00000007aaf00000, 0x00000007aaf00000, 0x00000007ab000000|  0%| F|  |TAMS 0x00000007aaf00000, 0x00000007aaf00000| Untracked 
| 176|0x00000007ab000000, 0x00000007ab000000, 0x00000007ab100000|  0%| F|  |TAMS 0x00000007ab000000, 0x00000007ab000000| Untracked 
| 177|0x00000007ab100000, 0x00000007ab100000, 0x00000007ab200000|  0%| F|  |TAMS 0x00000007ab100000, 0x00000007ab100000| Untracked 
| 178|0x00000007ab200000, 0x00000007ab200000, 0x00000007ab300000|  0%| F|  |TAMS 0x00000007ab200000, 0x00000007ab200000| Untracked 
| 179|0x00000007ab300000, 0x00000007ab300000, 0x00000007ab400000|  0%| F|  |TAMS 0x00000007ab300000, 0x00000007ab300000| Untracked 
| 180|0x00000007ab400000, 0x00000007ab400000, 0x00000007ab500000|  0%| F|  |TAMS 0x00000007ab400000, 0x00000007ab400000| Untracked 
| 181|0x00000007ab500000, 0x00000007ab500000, 0x00000007ab600000|  0%| F|  |TAMS 0x00000007ab500000, 0x00000007ab500000| Untracked 
| 182|0x00000007ab600000, 0x00000007ab600000, 0x00000007ab700000|  0%| F|  |TAMS 0x00000007ab600000, 0x00000007ab600000| Untracked 
| 183|0x00000007ab700000, 0x00000007ab700000, 0x00000007ab800000|  0%| F|  |TAMS 0x00000007ab700000, 0x00000007ab700000| Untracked 
| 184|0x00000007ab800000, 0x00000007ab900000, 0x00000007ab900000|100%| O|  |TAMS 0x00000007ab900000, 0x00000007ab800000| Untracked 
| 185|0x00000007ab900000, 0x00000007ab900000, 0x00000007aba00000|  0%| F|  |TAMS 0x00000007ab900000, 0x00000007ab900000| Untracked 
| 186|0x00000007aba00000, 0x00000007abb00000, 0x00000007abb00000|100%| O|  |TAMS 0x00000007abb00000, 0x00000007aba00000| Untracked 
| 187|0x00000007abb00000, 0x00000007abc00000, 0x00000007abc00000|100%| O|  |TAMS 0x00000007abc00000, 0x00000007abb00000| Untracked 
| 188|0x00000007abc00000, 0x00000007abd00000, 0x00000007abd00000|100%| O|  |TAMS 0x00000007abd00000, 0x00000007abc00000| Untracked 
| 189|0x00000007abd00000, 0x00000007abe00000, 0x00000007abe00000|100%| O|  |TAMS 0x00000007abe00000, 0x00000007abd00000| Untracked 
| 190|0x00000007abe00000, 0x00000007abe00000, 0x00000007abf00000|  0%| F|  |TAMS 0x00000007abe00000, 0x00000007abe00000| Untracked 
| 191|0x00000007abf00000, 0x00000007ac000000, 0x00000007ac000000|100%| O|  |TAMS 0x00000007ac000000, 0x00000007abf00000| Untracked 
| 192|0x00000007ac000000, 0x00000007ac100000, 0x00000007ac100000|100%| O|  |TAMS 0x00000007ac100000, 0x00000007ac000000| Untracked 
| 193|0x00000007ac100000, 0x00000007ac100000, 0x00000007ac200000|  0%| F|  |TAMS 0x00000007ac100000, 0x00000007ac100000| Untracked 
| 194|0x00000007ac200000, 0x00000007ac200000, 0x00000007ac300000|  0%| F|  |TAMS 0x00000007ac200000, 0x00000007ac200000| Untracked 
| 195|0x00000007ac300000, 0x00000007ac300000, 0x00000007ac400000|  0%| F|  |TAMS 0x00000007ac300000, 0x00000007ac300000| Untracked 
| 196|0x00000007ac400000, 0x00000007ac500000, 0x00000007ac500000|100%| O|  |TAMS 0x00000007ac500000, 0x00000007ac400000| Untracked 
| 197|0x00000007ac500000, 0x00000007ac500000, 0x00000007ac600000|  0%| F|  |TAMS 0x00000007ac500000, 0x00000007ac500000| Untracked 
| 198|0x00000007ac600000, 0x00000007ac600000, 0x00000007ac700000|  0%| F|  |TAMS 0x00000007ac600000, 0x00000007ac600000| Untracked 
| 199|0x00000007ac700000, 0x00000007ac700000, 0x00000007ac800000|  0%| F|  |TAMS 0x00000007ac700000, 0x00000007ac700000| Untracked 
| 200|0x00000007ac800000, 0x00000007ac800000, 0x00000007ac900000|  0%| F|  |TAMS 0x00000007ac800000, 0x00000007ac800000| Untracked 
| 201|0x00000007ac900000, 0x00000007ac900000, 0x00000007aca00000|  0%| F|  |TAMS 0x00000007ac900000, 0x00000007ac900000| Untracked 
| 202|0x00000007aca00000, 0x00000007aca00000, 0x00000007acb00000|  0%| F|  |TAMS 0x00000007aca00000, 0x00000007aca00000| Untracked 
| 203|0x00000007acb00000, 0x00000007acb00000, 0x00000007acc00000|  0%| F|  |TAMS 0x00000007acb00000, 0x00000007acb00000| Untracked 
| 204|0x00000007acc00000, 0x00000007acc00000, 0x00000007acd00000|  0%| F|  |TAMS 0x00000007acc00000, 0x00000007acc00000| Untracked 
| 205|0x00000007acd00000, 0x00000007acd00000, 0x00000007ace00000|  0%| F|  |TAMS 0x00000007acd00000, 0x00000007acd00000| Untracked 
| 206|0x00000007ace00000, 0x00000007ace00000, 0x00000007acf00000|  0%| F|  |TAMS 0x00000007ace00000, 0x00000007ace00000| Untracked 
| 207|0x00000007acf00000, 0x00000007acf00000, 0x00000007ad000000|  0%| F|  |TAMS 0x00000007acf00000, 0x00000007acf00000| Untracked 
| 208|0x00000007ad000000, 0x00000007ad000000, 0x00000007ad100000|  0%| F|  |TAMS 0x00000007ad000000, 0x00000007ad000000| Untracked 
| 209|0x00000007ad100000, 0x00000007ad100000, 0x00000007ad200000|  0%| F|  |TAMS 0x00000007ad100000, 0x00000007ad100000| Untracked 
| 210|0x00000007ad200000, 0x00000007ad200000, 0x00000007ad300000|  0%| F|  |TAMS 0x00000007ad200000, 0x00000007ad200000| Untracked 
| 211|0x00000007ad300000, 0x00000007ad300000, 0x00000007ad400000|  0%| F|  |TAMS 0x00000007ad300000, 0x00000007ad300000| Untracked 
| 212|0x00000007ad400000, 0x00000007ad400000, 0x00000007ad500000|  0%| F|  |TAMS 0x00000007ad400000, 0x00000007ad400000| Untracked 
| 213|0x00000007ad500000, 0x00000007ad500000, 0x00000007ad600000|  0%| F|  |TAMS 0x00000007ad500000, 0x00000007ad500000| Untracked 
| 214|0x00000007ad600000, 0x00000007ad600000, 0x00000007ad700000|  0%| F|  |TAMS 0x00000007ad600000, 0x00000007ad600000| Untracked 
| 215|0x00000007ad700000, 0x00000007ad700000, 0x00000007ad800000|  0%| F|  |TAMS 0x00000007ad700000, 0x00000007ad700000| Untracked 
| 216|0x00000007ad800000, 0x00000007ad800000, 0x00000007ad900000|  0%| F|  |TAMS 0x00000007ad800000, 0x00000007ad800000| Untracked 
| 217|0x00000007ad900000, 0x00000007ad900000, 0x00000007ada00000|  0%| F|  |TAMS 0x00000007ad900000, 0x00000007ad900000| Untracked 
| 218|0x00000007ada00000, 0x00000007ada00000, 0x00000007adb00000|  0%| F|  |TAMS 0x00000007ada00000, 0x00000007ada00000| Untracked 
| 219|0x00000007adb00000, 0x00000007adb00000, 0x00000007adc00000|  0%| F|  |TAMS 0x00000007adb00000, 0x00000007adb00000| Untracked 
| 220|0x00000007adc00000, 0x00000007adc00000, 0x00000007add00000|  0%| F|  |TAMS 0x00000007adc00000, 0x00000007adc00000| Untracked 
| 221|0x00000007add00000, 0x00000007add00000, 0x00000007ade00000|  0%| F|  |TAMS 0x00000007add00000, 0x00000007add00000| Untracked 
| 222|0x00000007ade00000, 0x00000007ade00000, 0x00000007adf00000|  0%| F|  |TAMS 0x00000007ade00000, 0x00000007ade00000| Untracked 
| 223|0x00000007adf00000, 0x00000007adf00000, 0x00000007ae000000|  0%| F|  |TAMS 0x00000007adf00000, 0x00000007adf00000| Untracked 
| 224|0x00000007ae000000, 0x00000007ae000000, 0x00000007ae100000|  0%| F|  |TAMS 0x00000007ae000000, 0x00000007ae000000| Untracked 
| 225|0x00000007ae100000, 0x00000007ae200000, 0x00000007ae200000|100%| O|  |TAMS 0x00000007ae200000, 0x00000007ae100000| Untracked 
| 226|0x00000007ae200000, 0x00000007ae200000, 0x00000007ae300000|  0%| F|  |TAMS 0x00000007ae200000, 0x00000007ae200000| Untracked 
| 227|0x00000007ae300000, 0x00000007ae300000, 0x00000007ae400000|  0%| F|  |TAMS 0x00000007ae300000, 0x00000007ae300000| Untracked 
| 228|0x00000007ae400000, 0x00000007ae400000, 0x00000007ae500000|  0%| F|  |TAMS 0x00000007ae400000, 0x00000007ae400000| Untracked 
| 229|0x00000007ae500000, 0x00000007ae500000, 0x00000007ae600000|  0%| F|  |TAMS 0x00000007ae500000, 0x00000007ae500000| Untracked 
| 230|0x00000007ae600000, 0x00000007ae600000, 0x00000007ae700000|  0%| F|  |TAMS 0x00000007ae600000, 0x00000007ae600000| Untracked 
| 231|0x00000007ae700000, 0x00000007ae700000, 0x00000007ae800000|  0%| F|  |TAMS 0x00000007ae700000, 0x00000007ae700000| Untracked 
| 232|0x00000007ae800000, 0x00000007ae800000, 0x00000007ae900000|  0%| F|  |TAMS 0x00000007ae800000, 0x00000007ae800000| Untracked 
| 233|0x00000007ae900000, 0x00000007ae900000, 0x00000007aea00000|  0%| F|  |TAMS 0x00000007ae900000, 0x00000007ae900000| Untracked 
| 234|0x00000007aea00000, 0x00000007aea00000, 0x00000007aeb00000|  0%| F|  |TAMS 0x00000007aea00000, 0x00000007aea00000| Untracked 
| 235|0x00000007aeb00000, 0x00000007aeb00000, 0x00000007aec00000|  0%| F|  |TAMS 0x00000007aeb00000, 0x00000007aeb00000| Untracked 
| 236|0x00000007aec00000, 0x00000007aed00000, 0x00000007aed00000|100%| O|  |TAMS 0x00000007aed00000, 0x00000007aec00000| Untracked 
| 237|0x00000007aed00000, 0x00000007aee00000, 0x00000007aee00000|100%| O|  |TAMS 0x00000007aee00000, 0x00000007aed00000| Untracked 
| 238|0x00000007aee00000, 0x00000007aef00000, 0x00000007aef00000|100%| O|  |TAMS 0x00000007aef00000, 0x00000007aee00000| Untracked 
| 239|0x00000007aef00000, 0x00000007af000000, 0x00000007af000000|100%| O|  |TAMS 0x00000007af000000, 0x00000007aef00000| Untracked 
| 240|0x00000007af000000, 0x00000007af100000, 0x00000007af100000|100%| O|  |TAMS 0x00000007af100000, 0x00000007af000000| Untracked 
| 241|0x00000007af100000, 0x00000007af100000, 0x00000007af200000|  0%| F|  |TAMS 0x00000007af100000, 0x00000007af100000| Untracked 
| 242|0x00000007af200000, 0x00000007af200000, 0x00000007af300000|  0%| F|  |TAMS 0x00000007af200000, 0x00000007af200000| Untracked 
| 243|0x00000007af300000, 0x00000007af400000, 0x00000007af400000|100%| O|  |TAMS 0x00000007af400000, 0x00000007af300000| Untracked 
| 244|0x00000007af400000, 0x00000007af500000, 0x00000007af500000|100%| O|  |TAMS 0x00000007af500000, 0x00000007af400000| Untracked 
| 245|0x00000007af500000, 0x00000007af500000, 0x00000007af600000|  0%| F|  |TAMS 0x00000007af500000, 0x00000007af500000| Untracked 
| 246|0x00000007af600000, 0x00000007af600000, 0x00000007af700000|  0%| F|  |TAMS 0x00000007af600000, 0x00000007af600000| Untracked 
| 247|0x00000007af700000, 0x00000007af700000, 0x00000007af800000|  0%| F|  |TAMS 0x00000007af700000, 0x00000007af700000| Untracked 
| 248|0x00000007af800000, 0x00000007af800000, 0x00000007af900000|  0%| F|  |TAMS 0x00000007af800000, 0x00000007af800000| Untracked 
| 249|0x00000007af900000, 0x00000007afa00000, 0x00000007afa00000|100%| O|  |TAMS 0x00000007afa00000, 0x00000007af900000| Untracked 
| 250|0x00000007afa00000, 0x00000007afa00000, 0x00000007afb00000|  0%| F|  |TAMS 0x00000007afa00000, 0x00000007afa00000| Untracked 
| 251|0x00000007afb00000, 0x00000007afb00000, 0x00000007afc00000|  0%| F|  |TAMS 0x00000007afb00000, 0x00000007afb00000| Untracked 
| 252|0x00000007afc00000, 0x00000007afc00000, 0x00000007afd00000|  0%| F|  |TAMS 0x00000007afc00000, 0x00000007afc00000| Untracked 
| 253|0x00000007afd00000, 0x00000007afd00000, 0x00000007afe00000|  0%| F|  |TAMS 0x00000007afd00000, 0x00000007afd00000| Untracked 
| 254|0x00000007afe00000, 0x00000007afe00000, 0x00000007aff00000|  0%| F|  |TAMS 0x00000007afe00000, 0x00000007afe00000| Untracked 
| 255|0x00000007aff00000, 0x00000007aff00000, 0x00000007b0000000|  0%| F|  |TAMS 0x00000007aff00000, 0x00000007aff00000| Untracked 
| 256|0x00000007b0000000, 0x00000007b0000000, 0x00000007b0100000|  0%| F|  |TAMS 0x00000007b0000000, 0x00000007b0000000| Untracked 
| 257|0x00000007b0100000, 0x00000007b0100000, 0x00000007b0200000|  0%| F|  |TAMS 0x00000007b0100000, 0x00000007b0100000| Untracked 
| 258|0x00000007b0200000, 0x00000007b0200000, 0x00000007b0300000|  0%| F|  |TAMS 0x00000007b0200000, 0x00000007b0200000| Untracked 
| 259|0x00000007b0300000, 0x00000007b0300000, 0x00000007b0400000|  0%| F|  |TAMS 0x00000007b0300000, 0x00000007b0300000| Untracked 
| 260|0x00000007b0400000, 0x00000007b0400000, 0x00000007b0500000|  0%| F|  |TAMS 0x00000007b0400000, 0x00000007b0400000| Untracked 
| 261|0x00000007b0500000, 0x00000007b0500000, 0x00000007b0600000|  0%| F|  |TAMS 0x00000007b0500000, 0x00000007b0500000| Untracked 
| 262|0x00000007b0600000, 0x00000007b0600000, 0x00000007b0700000|  0%| F|  |TAMS 0x00000007b0600000, 0x00000007b0600000| Untracked 
| 263|0x00000007b0700000, 0x00000007b0700000, 0x00000007b0800000|  0%| F|  |TAMS 0x00000007b0700000, 0x00000007b0700000| Untracked 
| 264|0x00000007b0800000, 0x00000007b0800000, 0x00000007b0900000|  0%| F|  |TAMS 0x00000007b0800000, 0x00000007b0800000| Untracked 
| 265|0x00000007b0900000, 0x00000007b0900000, 0x00000007b0a00000|  0%| F|  |TAMS 0x00000007b0900000, 0x00000007b0900000| Untracked 
| 266|0x00000007b0a00000, 0x00000007b0a00000, 0x00000007b0b00000|  0%| F|  |TAMS 0x00000007b0a00000, 0x00000007b0a00000| Untracked 
| 267|0x00000007b0b00000, 0x00000007b0b00000, 0x00000007b0c00000|  0%| F|  |TAMS 0x00000007b0b00000, 0x00000007b0b00000| Untracked 
| 268|0x00000007b0c00000, 0x00000007b0c00000, 0x00000007b0d00000|  0%| F|  |TAMS 0x00000007b0c00000, 0x00000007b0c00000| Untracked 
| 269|0x00000007b0d00000, 0x00000007b0d00000, 0x00000007b0e00000|  0%| F|  |TAMS 0x00000007b0d00000, 0x00000007b0d00000| Untracked 
| 270|0x00000007b0e00000, 0x00000007b0e00000, 0x00000007b0f00000|  0%| F|  |TAMS 0x00000007b0e00000, 0x00000007b0e00000| Untracked 
| 271|0x00000007b0f00000, 0x00000007b0f00000, 0x00000007b1000000|  0%| F|  |TAMS 0x00000007b0f00000, 0x00000007b0f00000| Untracked 
| 272|0x00000007b1000000, 0x00000007b1000000, 0x00000007b1100000|  0%| F|  |TAMS 0x00000007b1000000, 0x00000007b1000000| Untracked 
| 273|0x00000007b1100000, 0x00000007b1100000, 0x00000007b1200000|  0%| F|  |TAMS 0x00000007b1100000, 0x00000007b1100000| Untracked 
| 274|0x00000007b1200000, 0x00000007b1300000, 0x00000007b1300000|100%| E|  |TAMS 0x00000007b1200000, 0x00000007b1200000| Complete 
| 275|0x00000007b1300000, 0x00000007b1339a80, 0x00000007b1400000| 22%| S|CS|TAMS 0x00000007b1300000, 0x00000007b1300000| Complete 
| 276|0x00000007b1400000, 0x00000007b1500000, 0x00000007b1500000|100%| E|CS|TAMS 0x00000007b1400000, 0x00000007b1400000| Complete 
| 277|0x00000007b1500000, 0x00000007b1600000, 0x00000007b1600000|100%| E|CS|TAMS 0x00000007b1500000, 0x00000007b1500000| Complete 
| 278|0x00000007b1600000, 0x00000007b1700000, 0x00000007b1700000|100%| E|CS|TAMS 0x00000007b1600000, 0x00000007b1600000| Complete 
| 279|0x00000007b1700000, 0x00000007b1800000, 0x00000007b1800000|100%| E|CS|TAMS 0x00000007b1700000, 0x00000007b1700000| Complete 
| 280|0x00000007b1800000, 0x00000007b1900000, 0x00000007b1900000|100%| E|CS|TAMS 0x00000007b1800000, 0x00000007b1800000| Complete 
| 281|0x00000007b1900000, 0x00000007b1a00000, 0x00000007b1a00000|100%| E|CS|TAMS 0x00000007b1900000, 0x00000007b1900000| Complete 
| 282|0x00000007b1a00000, 0x00000007b1b00000, 0x00000007b1b00000|100%| E|CS|TAMS 0x00000007b1a00000, 0x00000007b1a00000| Complete 
| 283|0x00000007b1b00000, 0x00000007b1c00000, 0x00000007b1c00000|100%| E|CS|TAMS 0x00000007b1b00000, 0x00000007b1b00000| Complete 
| 284|0x00000007b1c00000, 0x00000007b1d00000, 0x00000007b1d00000|100%| E|CS|TAMS 0x00000007b1c00000, 0x00000007b1c00000| Complete 
| 285|0x00000007b1d00000, 0x00000007b1e00000, 0x00000007b1e00000|100%| E|CS|TAMS 0x00000007b1d00000, 0x00000007b1d00000| Complete 
| 286|0x00000007b1e00000, 0x00000007b1f00000, 0x00000007b1f00000|100%| E|CS|TAMS 0x00000007b1e00000, 0x00000007b1e00000| Complete 
| 287|0x00000007b1f00000, 0x00000007b2000000, 0x00000007b2000000|100%| E|CS|TAMS 0x00000007b1f00000, 0x00000007b1f00000| Complete 
| 288|0x00000007b2000000, 0x00000007b2100000, 0x00000007b2100000|100%| E|CS|TAMS 0x00000007b2000000, 0x00000007b2000000| Complete 
| 289|0x00000007b2100000, 0x00000007b2200000, 0x00000007b2200000|100%| E|CS|TAMS 0x00000007b2100000, 0x00000007b2100000| Complete 
| 290|0x00000007b2200000, 0x00000007b2300000, 0x00000007b2300000|100%| E|CS|TAMS 0x00000007b2200000, 0x00000007b2200000| Complete 
| 291|0x00000007b2300000, 0x00000007b2400000, 0x00000007b2400000|100%| E|CS|TAMS 0x00000007b2300000, 0x00000007b2300000| Complete 
| 292|0x00000007b2400000, 0x00000007b2500000, 0x00000007b2500000|100%| E|CS|TAMS 0x00000007b2400000, 0x00000007b2400000| Complete 
| 293|0x00000007b2500000, 0x00000007b2600000, 0x00000007b2600000|100%| E|CS|TAMS 0x00000007b2500000, 0x00000007b2500000| Complete 
| 294|0x00000007b2600000, 0x00000007b2700000, 0x00000007b2700000|100%| E|CS|TAMS 0x00000007b2600000, 0x00000007b2600000| Complete 
| 295|0x00000007b2700000, 0x00000007b2800000, 0x00000007b2800000|100%| E|CS|TAMS 0x00000007b2700000, 0x00000007b2700000| Complete 
| 296|0x00000007b2800000, 0x00000007b2900000, 0x00000007b2900000|100%| E|CS|TAMS 0x00000007b2800000, 0x00000007b2800000| Complete 
| 297|0x00000007b2900000, 0x00000007b2a00000, 0x00000007b2a00000|100%| E|CS|TAMS 0x00000007b2900000, 0x00000007b2900000| Complete 
| 298|0x00000007b2a00000, 0x00000007b2b00000, 0x00000007b2b00000|100%| E|CS|TAMS 0x00000007b2a00000, 0x00000007b2a00000| Complete 
| 299|0x00000007b2b00000, 0x00000007b2c00000, 0x00000007b2c00000|100%| E|CS|TAMS 0x00000007b2b00000, 0x00000007b2b00000| Complete 
| 300|0x00000007b2c00000, 0x00000007b2d00000, 0x00000007b2d00000|100%| E|CS|TAMS 0x00000007b2c00000, 0x00000007b2c00000| Complete 
| 301|0x00000007b2d00000, 0x00000007b2e00000, 0x00000007b2e00000|100%| E|CS|TAMS 0x00000007b2d00000, 0x00000007b2d00000| Complete 
| 302|0x00000007b2e00000, 0x00000007b2f00000, 0x00000007b2f00000|100%| E|CS|TAMS 0x00000007b2e00000, 0x00000007b2e00000| Complete 
| 303|0x00000007b2f00000, 0x00000007b3000000, 0x00000007b3000000|100%| E|CS|TAMS 0x00000007b2f00000, 0x00000007b2f00000| Complete 
| 304|0x00000007b3000000, 0x00000007b3100000, 0x00000007b3100000|100%| E|CS|TAMS 0x00000007b3000000, 0x00000007b3000000| Complete 
| 305|0x00000007b3100000, 0x00000007b3200000, 0x00000007b3200000|100%| E|CS|TAMS 0x00000007b3100000, 0x00000007b3100000| Complete 
| 306|0x00000007b3200000, 0x00000007b3300000, 0x00000007b3300000|100%| E|CS|TAMS 0x00000007b3200000, 0x00000007b3200000| Complete 
| 307|0x00000007b3300000, 0x00000007b3400000, 0x00000007b3400000|100%| E|CS|TAMS 0x00000007b3300000, 0x00000007b3300000| Complete 
| 308|0x00000007b3400000, 0x00000007b3500000, 0x00000007b3500000|100%| E|CS|TAMS 0x00000007b3400000, 0x00000007b3400000| Complete 
| 309|0x00000007b3500000, 0x00000007b3600000, 0x00000007b3600000|100%| E|CS|TAMS 0x00000007b3500000, 0x00000007b3500000| Complete 
| 310|0x00000007b3600000, 0x00000007b3700000, 0x00000007b3700000|100%| E|CS|TAMS 0x00000007b3600000, 0x00000007b3600000| Complete 
| 311|0x00000007b3700000, 0x00000007b3800000, 0x00000007b3800000|100%| E|CS|TAMS 0x00000007b3700000, 0x00000007b3700000| Complete 
| 312|0x00000007b3800000, 0x00000007b3900000, 0x00000007b3900000|100%| E|CS|TAMS 0x00000007b3800000, 0x00000007b3800000| Complete 
| 313|0x00000007b3900000, 0x00000007b3a00000, 0x00000007b3a00000|100%| E|CS|TAMS 0x00000007b3900000, 0x00000007b3900000| Complete 
| 314|0x00000007b3a00000, 0x00000007b3b00000, 0x00000007b3b00000|100%| E|CS|TAMS 0x00000007b3a00000, 0x00000007b3a00000| Complete 
| 315|0x00000007b3b00000, 0x00000007b3c00000, 0x00000007b3c00000|100%| E|CS|TAMS 0x00000007b3b00000, 0x00000007b3b00000| Complete 
| 316|0x00000007b3c00000, 0x00000007b3d00000, 0x00000007b3d00000|100%| E|CS|TAMS 0x00000007b3c00000, 0x00000007b3c00000| Complete 
| 317|0x00000007b3d00000, 0x00000007b3e00000, 0x00000007b3e00000|100%| E|CS|TAMS 0x00000007b3d00000, 0x00000007b3d00000| Complete 
| 318|0x00000007b3e00000, 0x00000007b3f00000, 0x00000007b3f00000|100%| E|CS|TAMS 0x00000007b3e00000, 0x00000007b3e00000| Complete 
| 319|0x00000007b3f00000, 0x00000007b4000000, 0x00000007b4000000|100%| E|CS|TAMS 0x00000007b3f00000, 0x00000007b3f00000| Complete 
| 320|0x00000007b4000000, 0x00000007b4100000, 0x00000007b4100000|100%| E|CS|TAMS 0x00000007b4000000, 0x00000007b4000000| Complete 
| 321|0x00000007b4100000, 0x00000007b4200000, 0x00000007b4200000|100%| E|CS|TAMS 0x00000007b4100000, 0x00000007b4100000| Complete 
| 322|0x00000007b4200000, 0x00000007b4300000, 0x00000007b4300000|100%| E|CS|TAMS 0x00000007b4200000, 0x00000007b4200000| Complete 
| 323|0x00000007b4300000, 0x00000007b4400000, 0x00000007b4400000|100%| E|CS|TAMS 0x00000007b4300000, 0x00000007b4300000| Complete 
| 324|0x00000007b4400000, 0x00000007b4500000, 0x00000007b4500000|100%| E|CS|TAMS 0x00000007b4400000, 0x00000007b4400000| Complete 
| 325|0x00000007b4500000, 0x00000007b4600000, 0x00000007b4600000|100%| E|CS|TAMS 0x00000007b4500000, 0x00000007b4500000| Complete 
| 326|0x00000007b4600000, 0x00000007b4700000, 0x00000007b4700000|100%| E|CS|TAMS 0x00000007b4600000, 0x00000007b4600000| Complete 
| 327|0x00000007b4700000, 0x00000007b4800000, 0x00000007b4800000|100%| E|CS|TAMS 0x00000007b4700000, 0x00000007b4700000| Complete 
| 328|0x00000007b4800000, 0x00000007b4900000, 0x00000007b4900000|100%| O|  |TAMS 0x00000007b4900000, 0x00000007b4800000| Untracked 
| 329|0x00000007b4900000, 0x00000007b4a00000, 0x00000007b4a00000|100%| E|CS|TAMS 0x00000007b4900000, 0x00000007b4900000| Complete 
| 330|0x00000007b4a00000, 0x00000007b4b00000, 0x00000007b4b00000|100%| O|  |TAMS 0x00000007b4b00000, 0x00000007b4a00000| Untracked 
| 331|0x00000007b4b00000, 0x00000007b4c00000, 0x00000007b4c00000|100%| O|  |TAMS 0x00000007b4c00000, 0x00000007b4b00000| Untracked 
| 332|0x00000007b4c00000, 0x00000007b4d00000, 0x00000007b4d00000|100%| E|CS|TAMS 0x00000007b4c00000, 0x00000007b4c00000| Complete 
| 333|0x00000007b4d00000, 0x00000007b4e00000, 0x00000007b4e00000|100%| E|CS|TAMS 0x00000007b4d00000, 0x00000007b4d00000| Complete 
| 334|0x00000007b4e00000, 0x00000007b4f00000, 0x00000007b4f00000|100%| E|CS|TAMS 0x00000007b4e00000, 0x00000007b4e00000| Complete 
| 335|0x00000007b4f00000, 0x00000007b5000000, 0x00000007b5000000|100%| E|CS|TAMS 0x00000007b4f00000, 0x00000007b4f00000| Complete 
| 336|0x00000007b5000000, 0x00000007b5100000, 0x00000007b5100000|100%| E|CS|TAMS 0x00000007b5000000, 0x00000007b5000000| Complete 
| 337|0x00000007b5100000, 0x00000007b5200000, 0x00000007b5200000|100%| E|CS|TAMS 0x00000007b5100000, 0x00000007b5100000| Complete 
| 338|0x00000007b5200000, 0x00000007b5300000, 0x00000007b5300000|100%| E|CS|TAMS 0x00000007b5200000, 0x00000007b5200000| Complete 
| 339|0x00000007b5300000, 0x00000007b5400000, 0x00000007b5400000|100%| E|CS|TAMS 0x00000007b5300000, 0x00000007b5300000| Complete 
| 340|0x00000007b5400000, 0x00000007b5500000, 0x00000007b5500000|100%| E|CS|TAMS 0x00000007b5400000, 0x00000007b5400000| Complete 
| 341|0x00000007b5500000, 0x00000007b5600000, 0x00000007b5600000|100%| E|CS|TAMS 0x00000007b5500000, 0x00000007b5500000| Complete 
| 342|0x00000007b5600000, 0x00000007b5700000, 0x00000007b5700000|100%| E|CS|TAMS 0x00000007b5600000, 0x00000007b5600000| Complete 
| 343|0x00000007b5700000, 0x00000007b5800000, 0x00000007b5800000|100%| E|CS|TAMS 0x00000007b5700000, 0x00000007b5700000| Complete 
| 344|0x00000007b5800000, 0x00000007b5900000, 0x00000007b5900000|100%| E|CS|TAMS 0x00000007b5800000, 0x00000007b5800000| Complete 
| 345|0x00000007b5900000, 0x00000007b5a00000, 0x00000007b5a00000|100%| E|CS|TAMS 0x00000007b5900000, 0x00000007b5900000| Complete 
| 346|0x00000007b5a00000, 0x00000007b5b00000, 0x00000007b5b00000|100%| E|CS|TAMS 0x00000007b5a00000, 0x00000007b5a00000| Complete 

Card table byte_map: [0x000000010d98c000,0x000000010dc8c000] _byte_map_base: 0x0000000109c8c000

Marking Bits (Prev, Next): (CMBitMap*) 0x00007fb066824018, (CMBitMap*) 0x00007fb066824050
 Prev Bits: [0x00000001268c8000, 0x00000001280c8000)
 Next Bits: [0x00000001280c8000, 0x00000001298c8000)

Polling page: 0x0000000104cb6000

Metaspace:

Usage:
  Non-class:    221.86 MB capacity,   212.43 MB ( 96%) used,     7.14 MB (  3%) free+waste,     2.29 MB (  1%) overhead. 
      Class:     47.19 MB capacity,    37.18 MB ( 79%) used,     8.75 MB ( 19%) free+waste,     1.25 MB (  3%) overhead. 
       Both:    269.05 MB capacity,   249.61 MB ( 93%) used,    15.89 MB (  6%) free+waste,     3.54 MB (  1%) overhead. 

Virtual space:
  Non-class space:      224.00 MB reserved,     222.24 MB (>99%) committed 
      Class space:        1.00 GB reserved,      47.42 MB (  5%) committed 
             Both:        1.22 GB reserved,     269.66 MB ( 22%) committed 

Chunk freelists:
   Non-Class:  46.75 KB
       Class:  21.25 KB
        Both:  68.00 KB

CodeHeap 'non-profiled nmethods': size=120032Kb used=30081Kb max_used=30949Kb free=89950Kb
 bounds [0x000000011f390000, 0x00000001211d0000, 0x00000001268c8000]
CodeHeap 'profiled nmethods': size=120028Kb used=86705Kb max_used=90099Kb free=33323Kb
 bounds [0x0000000117e59000, 0x000000011d6c9000, 0x000000011f390000]
CodeHeap 'non-nmethods': size=5700Kb used=1553Kb max_used=1606Kb free=4147Kb
 bounds [0x00000001178c8000, 0x0000000117b38000, 0x0000000117e59000]
 total_blobs=40384 nmethods=39400 adapters=892
 compilation: enabled
              stopped_count=0, restarted_count=0
 full_count=0

Compilation events (10 events):
Event: 325731.572 Thread 0x00007fb05684e000 50539       4       com.swoval.files.TypedPaths$2::exists (16 bytes)
Event: 325731.574 Thread 0x00007fb05684e000 nmethod 50539 0x00000001209d5390 code [0x00000001209d5520, 0x00000001209d5598]
Event: 325731.621 Thread 0x00007fb05684e000 50540       4       java.util.HashMap::remove (26 bytes)
Event: 325731.626 Thread 0x00007fb05684e000 nmethod 50540 0x00000001209d5010 code [0x00000001209d51a0, 0x00000001209d52c8]
Event: 325731.630 Thread 0x00007fb05684e000 50541       4       com.swoval.files.Entries::resolve (78 bytes)
Event: 325732.017 Thread 0x00007fb05684e000 nmethod 50541 0x0000000120b3bb90 code [0x0000000120b3bdc0, 0x0000000120b3c878]
Event: 325732.017 Thread 0x00007fb05684e000 50542       4       com.swoval.files.Entries::getKind (52 bytes)
Event: 325732.024 Thread 0x00007fb05684e000 nmethod 50542 0x00000001209dcb90 code [0x00000001209dcd60, 0x00000001209dcf98]
Event: 339920.928 Thread 0x00007fb05684e000 50543       4       java.util.concurrent.ConcurrentHashMap$ValuesView::forEach (63 bytes)
Event: 339921.226 Thread 0x00007fb05684e000 nmethod 50543 0x0000000120b5a210 code [0x0000000120b5a4a0, 0x0000000120b5bee0]

GC Heap History (10 events):
Event: 294242.911 GC heap before
{Heap before GC invocations=194 (full 0):
 garbage-first heap   total 355328K, used 210467K [0x00000007a0000000, 0x0000000800000000)
  region size 1024K, 65 young (66560K), 1 survivors (1024K)
 Metaspace       used 255600K, capacity 275504K, committed 276128K, reserved 1277952K
  class space    used 38074K, capacity 48322K, committed 48556K, reserved 1048576K
}
Event: 294243.049 GC heap after
{Heap after GC invocations=195 (full 0):
 garbage-first heap   total 355328K, used 144931K [0x00000007a0000000, 0x0000000800000000)
  region size 1024K, 1 young (1024K), 1 survivors (1024K)
 Metaspace       used 255600K, capacity 275504K, committed 276128K, reserved 1277952K
  class space    used 38074K, capacity 48322K, committed 48556K, reserved 1048576K
}
Event: 305013.005 GC heap before
{Heap before GC invocations=195 (full 0):
 garbage-first heap   total 355328K, used 217635K [0x00000007a0000000, 0x0000000800000000)
  region size 1024K, 72 young (73728K), 1 survivors (1024K)
 Metaspace       used 255600K, capacity 275504K, committed 276128K, reserved 1277952K
  class space    used 38074K, capacity 48322K, committed 48556K, reserved 1048576K
}
Event: 305013.105 GC heap after
{Heap after GC invocations=196 (full 0):
 garbage-first heap   total 355328K, used 144922K [0x00000007a0000000, 0x0000000800000000)
  region size 1024K, 1 young (1024K), 1 survivors (1024K)
 Metaspace       used 255600K, capacity 275504K, committed 276128K, reserved 1277952K
  class space    used 38074K, capacity 48322K, committed 48556K, reserved 1048576K
}
Event: 317012.912 GC heap before
{Heap before GC invocations=197 (full 0):
 garbage-first heap   total 355328K, used 225818K [0x00000007a0000000, 0x0000000800000000)
  region size 1024K, 80 young (81920K), 1 survivors (1024K)
 Metaspace       used 255600K, capacity 275504K, committed 276128K, reserved 1277952K
  class space    used 38074K, capacity 48322K, committed 48556K, reserved 1048576K
}
Event: 317013.101 GC heap after
{Heap after GC invocations=198 (full 0):
 garbage-first heap   total 355328K, used 144940K [0x00000007a0000000, 0x0000000800000000)
  region size 1024K, 1 young (1024K), 1 survivors (1024K)
 Metaspace       used 255600K, capacity 275504K, committed 276128K, reserved 1277952K
  class space    used 38074K, capacity 48322K, committed 48556K, reserved 1048576K
}
Event: 326266.956 GC heap before
{Heap before GC invocations=198 (full 0):
 garbage-first heap   total 355328K, used 231980K [0x00000007a0000000, 0x0000000800000000)
  region size 1024K, 86 young (88064K), 1 survivors (1024K)
 Metaspace       used 255604K, capacity 275504K, committed 276128K, reserved 1277952K
  class space    used 38074K, capacity 48322K, committed 48556K, reserved 1048576K
}
Event: 326267.243 GC heap after
{Heap after GC invocations=199 (full 0):
 garbage-first heap   total 355328K, used 145129K [0x00000007a0000000, 0x0000000800000000)
  region size 1024K, 1 young (1024K), 1 survivors (1024K)
 Metaspace       used 255604K, capacity 275504K, committed 276128K, reserved 1277952K
  class space    used 38074K, capacity 48322K, committed 48556K, reserved 1048576K
}
Event: 336614.133 GC heap before
{Heap before GC invocations=200 (full 0):
 garbage-first heap   total 355328K, used 214761K [0x00000007a0000000, 0x0000000800000000)
  region size 1024K, 69 young (70656K), 1 survivors (1024K)
 Metaspace       used 255604K, capacity 275504K, committed 276128K, reserved 1277952K
  class space    used 38074K, capacity 48322K, committed 48556K, reserved 1048576K
}
Event: 336614.298 GC heap after
{Heap after GC invocations=201 (full 0):
 garbage-first heap   total 355328K, used 145110K [0x00000007a0000000, 0x0000000800000000)
  region size 1024K, 1 young (1024K), 1 survivors (1024K)
 Metaspace       used 255604K, capacity 275504K, committed 276128K, reserved 1277952K
  class space    used 38074K, capacity 48322K, committed 48556K, reserved 1048576K
}

Deoptimization events (10 events):
Event: 6841.054 Thread 0x00007fb068609800 Uncommon trap: reason=class_check action=maybe_recompile pc=0x0000000120507840 method=sbt.internal.classpath.ClassLoaderCache.sbt$internal$classpath$ClassLoaderCache$$clearExpiredLoaders()V @ 46 c2
Event: 6842.061 Thread 0x00007fb068609800 Uncommon trap: reason=class_check action=maybe_recompile pc=0x0000000120507840 method=sbt.internal.classpath.ClassLoaderCache.sbt$internal$classpath$ClassLoaderCache$$clearExpiredLoaders()V @ 46 c2
Event: 6843.068 Thread 0x00007fb068609800 Uncommon trap: reason=class_check action=maybe_recompile pc=0x0000000120507840 method=sbt.internal.classpath.ClassLoaderCache.sbt$internal$classpath$ClassLoaderCache$$clearExpiredLoaders()V @ 46 c2
Event: 10694.250 Thread 0x00007fb037998800 Uncommon trap: reason=unstable_if action=reinterpret pc=0x000000011f549530 method=java.lang.ref.SoftReference.get()Ljava/lang/Object; @ 6 c2
Event: 10694.345 Thread 0x00007fb066e44800 Uncommon trap: reason=unstable_if action=reinterpret pc=0x000000011f59f7d8 method=java.lang.ref.SoftReference.get()Ljava/lang/Object; @ 6 c2
Event: 152449.882 Thread 0x00007fb0378bc800 Uncommon trap: reason=unstable_if action=reinterpret pc=0x00000001202a2efc method=java.lang.ref.SoftReference.get()Ljava/lang/Object; @ 6 c2
Event: 152450.099 Thread 0x00007fb0378bc800 Uncommon trap: reason=unstable_if action=reinterpret pc=0x0000000120740f5c method=java.lang.ref.SoftReference.get()Ljava/lang/Object; @ 6 c2
Event: 163985.211 Thread 0x00007fb068609800 Uncommon trap: reason=null_check action=make_not_entrant pc=0x000000012054e720 method=sbt.internal.classpath.ClassLoaderCache$CleanupThread.run()V @ 17 c2
Event: 212710.099 Thread 0x00007fb037998800 Uncommon trap: reason=unstable_if action=reinterpret pc=0x000000011f3e5f00 method=java.util.HashMap$HashIterator.<init>(Ljava/util/HashMap;)V @ 45 c2
Event: 230645.876 Thread 0x00007fb037998800 Uncommon trap: reason=unstable_if action=reinterpret pc=0x0000000120a5b620 method=com.swoval.files.ApplePathWatcher$1.accept(Lcom/swoval/files/apple/FileEvent;)V @ 151 c2

Classes redefined (0 events):
No events

Internal exceptions (10 events):
Event: 340658.058 Thread 0x00007fb066e44800 Exception <a 'sun/nio/fs/UnixException'{0x00000007b12286f0}> (0x00000007b12286f0) thrown at [./open/src/hotspot/share/prims/jni.cpp, line 611]
Event: 340658.058 Thread 0x00007fb066e44800 Exception <a 'sun/nio/fs/UnixException'{0x00000007b1229b78}> (0x00000007b1229b78) thrown at [./open/src/hotspot/share/prims/jni.cpp, line 611]
Event: 340658.058 Thread 0x00007fb066e44800 Exception <a 'sun/nio/fs/UnixException'{0x00000007b122af88}> (0x00000007b122af88) thrown at [./open/src/hotspot/share/prims/jni.cpp, line 611]
Event: 340658.058 Thread 0x00007fb037998800 Exception <a 'sun/nio/fs/UnixException'{0x00000007b14b8920}> (0x00000007b14b8920) thrown at [./open/src/hotspot/share/prims/jni.cpp, line 611]
Event: 340658.058 Thread 0x00007fb037998800 Exception <a 'sun/nio/fs/UnixException'{0x00000007b14b9de0}> (0x00000007b14b9de0) thrown at [./open/src/hotspot/share/prims/jni.cpp, line 611]
Event: 340658.058 Thread 0x00007fb037998800 Exception <a 'sun/nio/fs/UnixException'{0x00000007b14bb290}> (0x00000007b14bb290) thrown at [./open/src/hotspot/share/prims/jni.cpp, line 611]
Event: 340658.058 Thread 0x00007fb037998800 Exception <a 'sun/nio/fs/UnixException'{0x00000007b14bc7d8}> (0x00000007b14bc7d8) thrown at [./open/src/hotspot/share/prims/jni.cpp, line 611]
Event: 340658.058 Thread 0x00007fb037998800 Exception <a 'sun/nio/fs/UnixException'{0x00000007b14bdd18}> (0x00000007b14bdd18) thrown at [./open/src/hotspot/share/prims/jni.cpp, line 611]
Event: 340658.058 Thread 0x00007fb037998800 Exception <a 'sun/nio/fs/UnixException'{0x00000007b123b9e8}> (0x00000007b123b9e8) thrown at [./open/src/hotspot/share/prims/jni.cpp, line 611]
Event: 340658.058 Thread 0x00007fb037998800 Exception <a 'sun/nio/fs/UnixException'{0x00000007b123cdd0}> (0x00000007b123cdd0) thrown at [./open/src/hotspot/share/prims/jni.cpp, line 611]

Events (10 events):
Event: 317012.868 Executing VM operation: G1CollectForAllocation
Event: 317013.102 Executing VM operation: G1CollectForAllocation done
Event: 326266.878 Executing VM operation: G1CollectForAllocation
Event: 326267.243 Executing VM operation: G1CollectForAllocation done
Event: 326268.484 Executing VM operation: CGC_Operation
Event: 326269.557 Executing VM operation: CGC_Operation done
Event: 326269.733 Executing VM operation: CGC_Operation
Event: 326269.735 Executing VM operation: CGC_Operation done
Event: 336614.092 Executing VM operation: G1CollectForAllocation
Event: 336614.299 Executing VM operation: G1CollectForAllocation done


Dynamic libraries:
0x000000010d2e3000 	/Library/Java/JavaVirtualMachines/jdk-11.0.14.jdk/Contents/Home/lib/jli/libjli.dylib
0x00007ff818728000 	/System/Library/Frameworks/Cocoa.framework/Versions/A/Cocoa
0x00007ff804026000 	/System/Library/Frameworks/AppKit.framework/Versions/C/AppKit
0x00007ff807585000 	/System/Library/Frameworks/CoreData.framework/Versions/A/CoreData
0x00007ff80243d000 	/System/Library/Frameworks/Foundation.framework/Versions/C/Foundation
0x00007ff80c7a1000 	/usr/lib/libSystem.B.dylib
0x00007ff804eb8000 	/System/Library/PrivateFrameworks/UIFoundation.framework/Versions/A/UIFoundation
0x00007ff8126d4000 	/System/Library/PrivateFrameworks/RemoteViewServices.framework/Versions/A/RemoteViewServices
0x00007ff80aa74000 	/System/Library/PrivateFrameworks/XCTTargetBootstrap.framework/Versions/A/XCTTargetBootstrap
0x00007ff80e66d000 	/System/Library/PrivateFrameworks/InternationalSupport.framework/Versions/A/InternationalSupport
0x00007ff80e6f7000 	/System/Library/PrivateFrameworks/UserActivity.framework/Versions/A/UserActivity
0x00007ff80da54000 	/usr/lib/libspindump.dylib
0x00007ff805146000 	/System/Library/Frameworks/UniformTypeIdentifiers.framework/Versions/A/UniformTypeIdentifiers
0x00007ff8091ad000 	/usr/lib/libapp_launch_measurement.dylib
0x00007ff807f61000 	/System/Library/PrivateFrameworks/CoreAnalytics.framework/Versions/A/CoreAnalytics
0x00007ff8091b0000 	/System/Library/PrivateFrameworks/CoreAutoLayout.framework/Versions/A/CoreAutoLayout
0x00007ff80a3d0000 	/System/Library/Frameworks/Metal.framework/Versions/A/Metal
0x00007ff80b0ec000 	/usr/lib/liblangid.dylib
0x00007ff80aa78000 	/System/Library/PrivateFrameworks/CoreSVG.framework/Versions/A/CoreSVG
0x00007ff80650d000 	/System/Library/PrivateFrameworks/SkyLight.framework/Versions/A/SkyLight
0x00007ff8068a3000 	/System/Library/Frameworks/CoreGraphics.framework/Versions/A/CoreGraphics
0x00007ff812d43000 	/System/Library/Frameworks/Accelerate.framework/Versions/A/Accelerate
0x00007ff80d4cf000 	/System/Library/PrivateFrameworks/IconServices.framework/Versions/A/IconServices
0x00007ff80a3b5000 	/System/Library/Frameworks/IOSurface.framework/Versions/A/IOSurface
0x00007ff807f8f000 	/usr/lib/libDiagnosticMessagesClient.dylib
0x00007ff80c6bb000 	/usr/lib/libz.1.dylib
0x00007ff8163b4000 	/System/Library/Frameworks/ApplicationServices.framework/Versions/A/ApplicationServices
0x00007ff80aa60000 	/System/Library/PrivateFrameworks/DFRFoundation.framework/Versions/A/DFRFoundation
0x00007ff803917000 	/usr/lib/libicucore.A.dylib
0x00007ff80f392000 	/System/Library/Frameworks/AudioToolbox.framework/Versions/A/AudioToolbox
0x00007ff80e679000 	/System/Library/PrivateFrameworks/DataDetectorsCore.framework/Versions/A/DataDetectorsCore
0x00007ff909f6b000 	/System/Library/PrivateFrameworks/TextInput.framework/Versions/A/TextInput
0x00007ff806491000 	/usr/lib/libMobileGestalt.dylib
0x00007ff80a768000 	/System/Library/Frameworks/Carbon.framework/Versions/A/Frameworks/HIToolbox.framework/Versions/A/HIToolbox
0x00007ff808bda000 	/System/Library/Frameworks/QuartzCore.framework/Versions/A/QuartzCore
0x00007ff8035b7000 	/System/Library/Frameworks/Security.framework/Versions/A/Security
0x00007ff81270c000 	/System/Library/Frameworks/Carbon.framework/Versions/A/Frameworks/SpeechRecognition.framework/Versions/A/SpeechRecognition
0x00007ff808f0d000 	/System/Library/PrivateFrameworks/CoreUI.framework/Versions/A/CoreUI
0x00007ff802e8f000 	/System/Library/Frameworks/CoreAudio.framework/Versions/A/CoreAudio
0x00007ff80807d000 	/System/Library/Frameworks/DiskArbitration.framework/Versions/A/DiskArbitration
0x00007ff80de37000 	/System/Library/PrivateFrameworks/MultitouchSupport.framework/Versions/A/MultitouchSupport
0x00007ff806490000 	/usr/lib/libenergytrace.dylib
0x00007ff803f12000 	/System/Library/Frameworks/IOKit.framework/Versions/A/IOKit
0x00007ff812af8000 	/System/Library/Frameworks/CoreServices.framework/Versions/A/CoreServices
0x00007ff809147000 	/System/Library/PrivateFrameworks/PerformanceAnalysis.framework/Versions/A/PerformanceAnalysis
0x00007ffa19a52000 	/System/Library/Frameworks/OpenGL.framework/Versions/A/OpenGL
0x00007ff80bce8000 	/System/Library/PrivateFrameworks/MobileKeyBag.framework/Versions/A/MobileKeyBag
0x00007ff8014d5000 	/usr/lib/libobjc.A.dylib
0x00007ff806fd2000 	/System/Library/Frameworks/ColorSync.framework/Versions/A/ColorSync
0x00007ff801691000 	/System/Library/Frameworks/CoreFoundation.framework/Versions/A/CoreFoundation
0x00007ff80acf3000 	/System/Library/Frameworks/CoreImage.framework/Versions/A/CoreImage
0x00007ff802ca5000 	/System/Library/Frameworks/CoreText.framework/Versions/A/CoreText
0x00007ff80aaa7000 	/System/Library/Frameworks/ImageIO.framework/Versions/A/ImageIO
0x00007ff80c7a7000 	/System/Library/PrivateFrameworks/SoftLinking.framework/Versions/A/SoftLinking
0x00007ff8091f8000 	/usr/lib/libxml2.2.dylib
0x00007ff80159e000 	/usr/lib/libc++.1.dylib
0x00007ff80ca28000 	/usr/lib/libcompression.dylib
0x00007ff80e5a3000 	/System/Library/PrivateFrameworks/TextureIO.framework/Versions/A/TextureIO
0x00007ff80d148000 	/usr/lib/libate.dylib
0x00007ff80c79c000 	/usr/lib/system/libcache.dylib
0x00007ff80c758000 	/usr/lib/system/libcommonCrypto.dylib
0x00007ff80c781000 	/usr/lib/system/libcompiler_rt.dylib
0x00007ff80c777000 	/usr/lib/system/libcopyfile.dylib
0x00007ff8013cf000 	/usr/lib/system/libcorecrypto.dylib
0x00007ff80148e000 	/usr/lib/system/libdispatch.dylib
0x00007ff801650000 	/usr/lib/system/libdyld.dylib
0x00007ff80c793000 	/usr/lib/system/libkeymgr.dylib
0x00007ff80c736000 	/usr/lib/system/libmacho.dylib
0x00007ff80bdbc000 	/usr/lib/system/libquarantine.dylib
0x00007ff80c791000 	/usr/lib/system/libremovefile.dylib
0x00007ff8064dd000 	/usr/lib/system/libsystem_asl.dylib
0x00007ff80137d000 	/usr/lib/system/libsystem_blocks.dylib
0x00007ff801515000 	/usr/lib/system/libsystem_c.dylib
0x00007ff80c789000 	/usr/lib/system/libsystem_collections.dylib
0x00007ff80b0dd000 	/usr/lib/system/libsystem_configuration.dylib
0x00007ff80a398000 	/usr/lib/system/libsystem_containermanager.dylib
0x00007ff80c46d000 	/usr/lib/system/libsystem_coreservices.dylib
0x00007ff803ba0000 	/usr/lib/system/libsystem_darwin.dylib
0x00007ff80c794000 	/usr/lib/system/libsystem_dnssd.dylib
0x00007ff801512000 	/usr/lib/system/libsystem_featureflags.dylib
0x00007ff801666000 	/usr/lib/system/libsystem_info.dylib
0x00007ff80c6ce000 	/usr/lib/system/libsystem_m.dylib
0x00007ff801462000 	/usr/lib/system/libsystem_malloc.dylib
0x00007ff80647a000 	/usr/lib/system/libsystem_networkextension.dylib
0x00007ff803fc8000 	/usr/lib/system/libsystem_notify.dylib
0x00007ff8129cd000 	/usr/lib/system/libsystem_product_info_filter.dylib
0x00007ff80b0e1000 	/usr/lib/system/libsystem_sandbox.dylib
0x00007ff80c78e000 	/usr/lib/system/libsystem_secinit.dylib
0x00007ff80160d000 	/usr/lib/system/libsystem_kernel.dylib
0x00007ff80165c000 	/usr/lib/system/libsystem_platform.dylib
0x00007ff801644000 	/usr/lib/system/libsystem_pthread.dylib
0x00007ff807da8000 	/usr/lib/system/libsystem_symptoms.dylib
0x00007ff8013b6000 	/usr/lib/system/libsystem_trace.dylib
0x00007ff80c764000 	/usr/lib/system/libunwind.dylib
0x00007ff80137f000 	/usr/lib/system/libxpc.dylib
0x00007ff8015f7000 	/usr/lib/libc++abi.dylib
0x00007ff80c76f000 	/usr/lib/liboah.dylib
0x00007ff80cf01000 	/usr/lib/liblzma.5.dylib
0x00007ff80214e000 	/System/Library/Frameworks/SystemConfiguration.framework/Versions/A/SystemConfiguration
0x00007ff80c7a3000 	/usr/lib/libfakelink.dylib
0x00007ff805fe3000 	/System/Library/Frameworks/CFNetwork.framework/Versions/A/CFNetwork
0x00007ff80c8e2000 	/usr/lib/libarchive.2.dylib
0x00007ff80b0e8000 	/System/Library/PrivateFrameworks/AppleSystemInfo.framework/Versions/A/AppleSystemInfo
0x00007ff80bde3000 	/usr/lib/libbsm.0.dylib
0x00007ff805619000 	/usr/lib/libnetwork.dylib
0x00007ff80c73c000 	/usr/lib/system/libkxld.dylib
0x00007ff80ba11000 	/System/Library/PrivateFrameworks/IOMobileFramebuffer.framework/Versions/A/IOMobileFramebuffer
0x00007ffb176be000 	/usr/lib/libCoreEntitlements.dylib
0x00007ff80c44f000 	/System/Library/PrivateFrameworks/AppleFSCompression.framework/Versions/A/AppleFSCompression
0x00007ff80bdcb000 	/usr/lib/libcoretls.dylib
0x00007ff80cf1b000 	/usr/lib/libcoretls_cfhelpers.dylib
0x00007ff80ca23000 	/usr/lib/libpam.2.dylib
0x00007ff8079ce000 	/usr/lib/libsqlite3.dylib
0x00007ff80cf8a000 	/usr/lib/libxar.1.dylib
0x00007ff80c45f000 	/usr/lib/libbz2.1.0.dylib
0x00007ff80c7a8000 	/usr/lib/libpcap.A.dylib
0x00007ff807d9f000 	/usr/lib/libdns_services.dylib
0x00007ff80c9f5000 	/usr/lib/libapple_nghttp2.dylib
0x00007ff80c7df000 	/usr/lib/libiconv.2.dylib
0x00007ff80c735000 	/usr/lib/libcharset.1.dylib
0x00007ff80917b000 	/System/Library/Frameworks/CoreServices.framework/Versions/A/Frameworks/FSEvents.framework/Versions/A/FSEvents
0x00007ff803baa000 	/System/Library/Frameworks/CoreServices.framework/Versions/A/Frameworks/CarbonCore.framework/Versions/A/CarbonCore
0x00007ff807fe2000 	/System/Library/Frameworks/CoreServices.framework/Versions/A/Frameworks/Metadata.framework/Versions/A/Metadata
0x00007ff80c472000 	/System/Library/Frameworks/CoreServices.framework/Versions/A/Frameworks/OSServices.framework/Versions/A/OSServices
0x00007ff80c969000 	/System/Library/Frameworks/CoreServices.framework/Versions/A/Frameworks/SearchKit.framework/Versions/A/SearchKit
0x00007ff807d31000 	/System/Library/Frameworks/CoreServices.framework/Versions/A/Frameworks/AE.framework/Versions/A/AE
0x00007ff801b92000 	/System/Library/Frameworks/CoreServices.framework/Versions/A/Frameworks/LaunchServices.framework/Versions/A/LaunchServices
0x00007ff80ceb2000 	/System/Library/Frameworks/CoreServices.framework/Versions/A/Frameworks/DictionaryServices.framework/Versions/A/DictionaryServices
0x00007ff809188000 	/System/Library/Frameworks/CoreServices.framework/Versions/A/Frameworks/SharedFileList.framework/Versions/A/SharedFileList
0x00007ff80bdbf000 	/usr/lib/libCheckFix.dylib
0x00007ff8064f4000 	/System/Library/PrivateFrameworks/TCC.framework/Versions/A/TCC
0x00007ff80b0ee000 	/System/Library/PrivateFrameworks/CoreNLP.framework/Versions/A/CoreNLP
0x00007ff807f92000 	/System/Library/PrivateFrameworks/MetadataUtilities.framework/Versions/A/MetadataUtilities
0x00007ff8021fe000 	/usr/lib/libmecabra.dylib
0x00007ff80bdf3000 	/usr/lib/libmecab.dylib
0x00007ff8021c9000 	/usr/lib/libCRFSuite.dylib
0x00007ff80be50000 	/usr/lib/libgermantok.dylib
0x00007ff80c9d0000 	/usr/lib/libThaiTokenizer.dylib
0x00007ff808084000 	/System/Library/Frameworks/Accelerate.framework/Versions/A/Frameworks/vImage.framework/Versions/A/vImage
0x00007ff812acf000 	/System/Library/Frameworks/Accelerate.framework/Versions/A/Frameworks/vecLib.framework/Versions/A/vecLib
0x00007ff80cfcb000 	/System/Library/Frameworks/Accelerate.framework/Versions/A/Frameworks/vecLib.framework/Versions/A/libvMisc.dylib
0x00007ff80b805000 	/System/Library/Frameworks/Accelerate.framework/Versions/A/Frameworks/vecLib.framework/Versions/A/libvDSP.dylib
0x00007ff801f0a000 	/System/Library/Frameworks/Accelerate.framework/Versions/A/Frameworks/vecLib.framework/Versions/A/libBLAS.dylib
0x00007ff80cb05000 	/System/Library/Frameworks/Accelerate.framework/Versions/A/Frameworks/vecLib.framework/Versions/A/libLAPACK.dylib
0x00007ff80be53000 	/System/Library/Frameworks/Accelerate.framework/Versions/A/Frameworks/vecLib.framework/Versions/A/libLinearAlgebra.dylib
0x00007ff80ca0e000 	/System/Library/Frameworks/Accelerate.framework/Versions/A/Frameworks/vecLib.framework/Versions/A/libSparseBLAS.dylib
0x00007ff80caff000 	/System/Library/Frameworks/Accelerate.framework/Versions/A/Frameworks/vecLib.framework/Versions/A/libQuadrature.dylib
0x00007ff80b1d8000 	/System/Library/Frameworks/Accelerate.framework/Versions/A/Frameworks/vecLib.framework/Versions/A/libBNNS.dylib
0x00007ff8020df000 	/System/Library/Frameworks/Accelerate.framework/Versions/A/Frameworks/vecLib.framework/Versions/A/libSparse.dylib
0x00007ff80b1d1000 	/System/Library/PrivateFrameworks/LinguisticData.framework/Versions/A/LinguisticData
0x00007ff802094000 	/System/Library/PrivateFrameworks/Lexicon.framework/Versions/A/Lexicon
0x00007ff80cfc4000 	/usr/lib/libChineseTokenizer.dylib
0x00007ff8027f8000 	/System/Library/PrivateFrameworks/LanguageModeling.framework/Versions/A/LanguageModeling
0x00007ff80c9d2000 	/System/Library/PrivateFrameworks/AppleSauce.framework/Versions/A/AppleSauce
0x00007ff80b9ff000 	/System/Library/PrivateFrameworks/CoreEmoji.framework/Versions/A/CoreEmoji
0x00007ff80c8d1000 	/usr/lib/libcmph.dylib
0x00007ff80915f000 	/System/Library/Frameworks/OpenDirectory.framework/Versions/A/Frameworks/CFOpenDirectory.framework/Versions/A/CFOpenDirectory
0x00007ff809153000 	/System/Library/Frameworks/OpenDirectory.framework/Versions/A/OpenDirectory
0x00007ff80cf1d000 	/System/Library/PrivateFrameworks/APFS.framework/Versions/A/APFS
0x00007ff80bd20000 	/System/Library/Frameworks/SecurityFoundation.framework/Versions/A/SecurityFoundation
0x00007ff80cf98000 	/usr/lib/libutil.dylib
0x00007ff803ed5000 	/System/Library/PrivateFrameworks/CoreServicesStore.framework/Versions/A/CoreServicesStore
0x00007ff80cf9c000 	/usr/lib/libxslt.1.dylib
0x00007ff80bdad000 	/System/Library/PrivateFrameworks/BackgroundTaskManagement.framework/Versions/A/BackgroundTaskManagement
0x00007ff80e4c5000 	/System/Library/Frameworks/ImageIO.framework/Versions/A/Resources/libRadiance.dylib
0x00007ff80e4ce000 	/System/Library/Frameworks/ImageIO.framework/Versions/A/Resources/libJPEG.dylib
0x00007ff80e41f000 	/System/Library/Frameworks/ImageIO.framework/Versions/A/Resources/libPng.dylib
0x00007ff80e440000 	/System/Library/Frameworks/ImageIO.framework/Versions/A/Resources/libTIFF.dylib
0x00007ff80e52c000 	/System/Library/Frameworks/ImageIO.framework/Versions/A/Resources/libGIF.dylib
0x00007ff80dd54000 	/System/Library/Frameworks/ImageIO.framework/Versions/A/Resources/libJP2.dylib
0x00007ff80d496000 	/usr/lib/libexpat.1.dylib
0x00007ff80dd09000 	/System/Library/PrivateFrameworks/AppleJPEG.framework/Versions/A/AppleJPEG
0x00007ff80a62b000 	/System/Library/PrivateFrameworks/FontServices.framework/libFontParser.dylib
0x00007ff807cdb000 	/System/Library/PrivateFrameworks/RunningBoardServices.framework/Versions/A/RunningBoardServices
0x00007ff818ca4000 	/System/Library/PrivateFrameworks/IOSurfaceAccelerator.framework/Versions/A/IOSurfaceAccelerator
0x00007ff80de33000 	/System/Library/PrivateFrameworks/WatchdogClient.framework/Versions/A/WatchdogClient
0x00007ff8028e7000 	/System/Library/Frameworks/CoreDisplay.framework/Versions/A/CoreDisplay
0x00007ff80a52a000 	/System/Library/Frameworks/CoreMedia.framework/Versions/A/CoreMedia
0x00007ff80a3c7000 	/System/Library/PrivateFrameworks/IOAccelerator.framework/Versions/A/IOAccelerator
0x00007ff8092db000 	/System/Library/Frameworks/CoreVideo.framework/Versions/A/CoreVideo
0x00007ff80ca21000 	/System/Library/Frameworks/MetalPerformanceShaders.framework/Versions/A/MetalPerformanceShaders
0x00007ff80de6e000 	/System/Library/Frameworks/VideoToolbox.framework/Versions/A/VideoToolbox
0x00007ff807c23000 	/System/Library/PrivateFrameworks/BaseBoard.framework/Versions/A/BaseBoard
0x00007ff8079b4000 	/System/Library/PrivateFrameworks/ProtocolBuffer.framework/Versions/A/ProtocolBuffer
0x00007ff80e4be000 	/System/Library/PrivateFrameworks/GPUWrangler.framework/Versions/A/GPUWrangler
0x00007ff80e4a1000 	/System/Library/PrivateFrameworks/IOPresentment.framework/Versions/A/IOPresentment
0x00007ff80e4c8000 	/System/Library/PrivateFrameworks/DSExternalDisplay.framework/Versions/A/DSExternalDisplay
0x00007ffa19a46000 	/System/Library/Frameworks/OpenGL.framework/Versions/A/Libraries/libCoreFSCache.dylib
0x00007ffb0592e000 	/System/Library/PrivateFrameworks/GPUCompiler.framework/Versions/31001/Libraries/libGPUCompilerUtils.dylib
0x00007ff80e531000 	/System/Library/PrivateFrameworks/CMCaptureCore.framework/Versions/A/CMCaptureCore
0x00007ff80da42000 	/System/Library/PrivateFrameworks/AppServerSupport.framework/Versions/A/AppServerSupport
0x00007ff80fc18000 	/System/Library/PrivateFrameworks/perfdata.framework/Versions/A/perfdata
0x00007ff802a13000 	/System/Library/PrivateFrameworks/AudioToolboxCore.framework/Versions/A/AudioToolboxCore
0x00007ff80a507000 	/System/Library/PrivateFrameworks/caulk.framework/Versions/A/caulk
0x00007ff80f53c000 	/usr/lib/libAudioStatistics.dylib
0x00007ff9067f9000 	/System/Library/PrivateFrameworks/SystemPolicy.framework/Versions/A/SystemPolicy
0x00007ff80f791000 	/usr/lib/libSMC.dylib
0x00007ff8185db000 	/System/Library/Frameworks/CoreMIDI.framework/Versions/A/CoreMIDI
0x00007ff80e3ef000 	/usr/lib/libAudioToolboxUtility.dylib
0x00007ff902c0b000 	/System/Library/PrivateFrameworks/OSAServicesClient.framework/Versions/A/OSAServicesClient
0x00007ff80fc25000 	/usr/lib/libperfcheck.dylib
0x00007ff90728b000 	/usr/lib/libmis.dylib
0x00007ffa19aa2000 	/System/Library/Frameworks/OpenGL.framework/Versions/A/Libraries/libGLU.dylib
0x00007ffa19a65000 	/System/Library/Frameworks/OpenGL.framework/Versions/A/Libraries/libGFXShared.dylib
0x00007ffa19c73000 	/System/Library/Frameworks/OpenGL.framework/Versions/A/Libraries/libGL.dylib
0x00007ffa19a6e000 	/System/Library/Frameworks/OpenGL.framework/Versions/A/Libraries/libGLImage.dylib
0x00007ffa19a62000 	/System/Library/Frameworks/OpenGL.framework/Versions/A/Libraries/libCVMSPluginSupport.dylib
0x00007ffa19a4d000 	/System/Library/Frameworks/OpenGL.framework/Versions/A/Libraries/libCoreVMClient.dylib
0x00007ff80b06c000 	/System/Library/Frameworks/MetalPerformanceShaders.framework/Versions/A/Frameworks/MPSCore.framework/Versions/A/MPSCore
0x00007ff80c3ba000 	/System/Library/Frameworks/MetalPerformanceShaders.framework/Versions/A/Frameworks/MPSImage.framework/Versions/A/MPSImage
0x00007ff80be69000 	/System/Library/Frameworks/MetalPerformanceShaders.framework/Versions/A/Frameworks/MPSNeuralNetwork.framework/Versions/A/MPSNeuralNetwork
0x00007ff80c2de000 	/System/Library/Frameworks/MetalPerformanceShaders.framework/Versions/A/Frameworks/MPSMatrix.framework/Versions/A/MPSMatrix
0x00007ff80c09a000 	/System/Library/Frameworks/MetalPerformanceShaders.framework/Versions/A/Frameworks/MPSRayIntersector.framework/Versions/A/MPSRayIntersector
0x00007ff80c317000 	/System/Library/Frameworks/MetalPerformanceShaders.framework/Versions/A/Frameworks/MPSNDArray.framework/Versions/A/MPSNDArray
0x00007ffa1e667000 	/System/Library/Frameworks/MetalPerformanceShaders.framework/Versions/A/Frameworks/MPSFunctions.framework/Versions/A/MPSFunctions
0x00007ff801ded000 	/System/Library/PrivateFrameworks/MetalTools.framework/Versions/A/MetalTools
0x00007ff80b0e6000 	/System/Library/PrivateFrameworks/AggregateDictionary.framework/Versions/A/AggregateDictionary
0x00007ff80d278000 	/usr/lib/libIOReport.dylib
0x00007ffa1b082000 	/System/Library/Frameworks/OpenCL.framework/Versions/A/OpenCL
0x00007ff80d5dc000 	/System/Library/PrivateFrameworks/FaceCore.framework/Versions/A/FaceCore
0x00007ff80d5cd000 	/System/Library/PrivateFrameworks/GraphVisualizer.framework/Versions/A/GraphVisualizer
0x00007ffb05839000 	/System/Library/PrivateFrameworks/FontServices.framework/Versions/A/FontServices
0x00007ff80d9f9000 	/System/Library/PrivateFrameworks/OTSVG.framework/Versions/A/OTSVG
0x00007ff808ec3000 	/System/Library/Frameworks/ApplicationServices.framework/Versions/A/Frameworks/ATS.framework/Versions/A/Resources/libFontRegistry.dylib
0x00007ff80da4a000 	/System/Library/PrivateFrameworks/FontServices.framework/libhvf.dylib
0x00007ffb0583a000 	/System/Library/PrivateFrameworks/FontServices.framework/libXTFontStaticRegistryData.dylib
0x00007ff80d446000 	/System/Library/PrivateFrameworks/AppleVA.framework/Versions/A/AppleVA
0x00007ff80f560000 	/System/Library/Frameworks/ApplicationServices.framework/Versions/A/Frameworks/ATS.framework/Versions/A/ATS
0x00007ff8070ce000 	/System/Library/Frameworks/ApplicationServices.framework/Versions/A/Frameworks/HIServices.framework/Versions/A/HIServices
0x00007ff80e53b000 	/System/Library/Frameworks/ApplicationServices.framework/Versions/A/Frameworks/PrintCore.framework/Versions/A/PrintCore
0x00007ff80f8e4000 	/System/Library/Frameworks/ApplicationServices.framework/Versions/A/Frameworks/QD.framework/Versions/A/QD
0x00007ff80f8dc000 	/System/Library/Frameworks/ApplicationServices.framework/Versions/A/Frameworks/ColorSyncLegacy.framework/Versions/A/ColorSyncLegacy
0x00007ff80f550000 	/System/Library/Frameworks/ApplicationServices.framework/Versions/A/Frameworks/SpeechSynthesis.framework/Versions/A/SpeechSynthesis
0x00007ff80e4fc000 	/System/Library/Frameworks/ApplicationServices.framework/Versions/A/Frameworks/ATSUI.framework/Versions/A/ATSUI
0x00007ff80f871000 	/usr/lib/libcups.2.dylib
0x00007ff80fc34000 	/System/Library/Frameworks/Kerberos.framework/Versions/A/Kerberos
0x00007ff80fc43000 	/System/Library/Frameworks/GSS.framework/Versions/A/GSS
0x00007ff80f5cc000 	/usr/lib/libresolv.9.dylib
0x00007ff80da59000 	/System/Library/PrivateFrameworks/Heimdal.framework/Versions/A/Heimdal
0x00007ff816731000 	/System/Library/Frameworks/Kerberos.framework/Versions/A/Libraries/libHeimdalProxy.dylib
0x00007ff807db0000 	/System/Library/Frameworks/Network.framework/Versions/A/Network
0x00007ff80d4b0000 	/usr/lib/libheimdal-asn1.dylib
0x00007ff80fc8f000 	/System/Library/PrivateFrameworks/CommonAuth.framework/Versions/A/CommonAuth
0x00007ff80f4cd000 	/System/Library/PrivateFrameworks/AudioSession.framework/Versions/A/AudioSession
0x00007ff80d540000 	/System/Library/PrivateFrameworks/MediaExperience.framework/Versions/A/MediaExperience
0x00007ff80f361000 	/System/Library/PrivateFrameworks/AudioSession.framework/libSessionUtility.dylib
0x00007ff80f8f0000 	/System/Library/PrivateFrameworks/AudioResourceArbitration.framework/Versions/A/AudioResourceArbitration
0x00007ff8138e2000 	/System/Library/PrivateFrameworks/PowerLog.framework/Versions/A/PowerLog
0x00007ff80d4b9000 	/System/Library/PrivateFrameworks/IconFoundation.framework/Versions/A/IconFoundation
0x00007ff8126fc000 	/System/Library/PrivateFrameworks/SpeechRecognitionCore.framework/Versions/A/SpeechRecognitionCore
0x000000010e0a7000 	/Library/Java/JavaVirtualMachines/jdk-11.0.14.jdk/Contents/Home/lib/server/libjvm.dylib
0x000000010d3c3000 	/Library/Java/JavaVirtualMachines/jdk-11.0.14.jdk/Contents/Home/lib/libverify.dylib
0x000000010d3e7000 	/Library/Java/JavaVirtualMachines/jdk-11.0.14.jdk/Contents/Home/lib/libjava.dylib
0x000000010d355000 	/Library/Java/JavaVirtualMachines/jdk-11.0.14.jdk/Contents/Home/lib/libjimage.dylib
0x000000010d49b000 	/Library/Java/JavaVirtualMachines/jdk-11.0.14.jdk/Contents/Home/lib/libzip.dylib
0x000000012ddf5000 	/Library/Java/JavaVirtualMachines/jdk-11.0.14.jdk/Contents/Home/lib/libnio.dylib
0x000000012de20000 	/Library/Java/JavaVirtualMachines/jdk-11.0.14.jdk/Contents/Home/lib/libnet.dylib
0x000000012e828000 	/Library/Java/JavaVirtualMachines/jdk-11.0.14.jdk/Contents/Home/lib/libsunec.dylib
0x000000012ed89000 	/Library/Java/JavaVirtualMachines/jdk-11.0.14.jdk/Contents/Home/lib/libextnet.dylib
0x0000000131e46000 	/Users/perrettj4/Library/Caches/JNA/temp/jna8093873310620761811.tmp
0x00007ffa1e5dd000 	/System/Library/Frameworks/JavaVM.framework/Versions/A/JavaVM
0x000000012e723000 	/Library/Java/JavaVirtualMachines/jdk-11.0.14.jdk/Contents/Home/lib/libmanagement.dylib
0x000000012eab1000 	/Library/Java/JavaVirtualMachines/jdk-11.0.14.jdk/Contents/Home/lib/libmanagement_ext.dylib
0x000000012f088000 	/Users/perrettj4/.sbt/1.0/swoval-jni/17685430701894740445-libswoval-files0.dylib
0x00007ff906342000 	/System/Library/Frameworks/Carbon.framework/Versions/A/Carbon
0x00007ff819ff7000 	/System/Library/Frameworks/Carbon.framework/Versions/A/Frameworks/CommonPanels.framework/Versions/A/CommonPanels
0x00007ff816136000 	/System/Library/Frameworks/Carbon.framework/Versions/A/Frameworks/Help.framework/Versions/A/Help
0x00007ff819ffb000 	/System/Library/Frameworks/Carbon.framework/Versions/A/Frameworks/ImageCapture.framework/Versions/A/ImageCapture
0x00007ff819fcb000 	/System/Library/Frameworks/Carbon.framework/Versions/A/Frameworks/OpenScripting.framework/Versions/A/OpenScripting
0x00007ff819ff3000 	/System/Library/Frameworks/Carbon.framework/Versions/A/Frameworks/Ink.framework/Versions/A/Ink
0x00007ff90633e000 	/System/Library/Frameworks/Carbon.framework/Versions/A/Frameworks/Print.framework/Versions/A/Print
0x00007ff819fef000 	/System/Library/Frameworks/Carbon.framework/Versions/A/Frameworks/SecurityHI.framework/Versions/A/SecurityHI
0x00007ff907268000 	/System/Library/PrivateFrameworks/MallocStackLogging.framework/Versions/A/MallocStackLogging


VM Arguments:
jvm_args: -Xmx1536M -Dsbt.supershell=false -Didea.managed=true -Dfile.encoding=UTF-8 -Didea.installation.dir=/Applications/IntelliJ IDEA CE.app/Contents -Dsbt.version=1.5.8 
java_command: /Users/perrettj4/Library/Application Support/JetBrains/IdeaIC2021.3/plugins/Scala/launcher/sbt-launch.jar early(addPluginSbtFile="""/private/var/folders/vb/c24nc__10cbf9l5_h3q_bl4r0000gn/T/idea.sbt""") ; set ideaPort in Global := 52828 ; idea-shell
java_class_path (initial): /Users/perrettj4/Library/Application Support/JetBrains/IdeaIC2021.3/plugins/Scala/launcher/sbt-launch.jar
Launcher Type: SUN_STANDARD

[Global flags]
     intx CICompilerCount                          = 4                                         {product} {ergonomic}
     uint ConcGCThreads                            = 2                                         {product} {ergonomic}
     uint G1ConcRefinementThreads                  = 8                                         {product} {ergonomic}
   size_t G1HeapRegionSize                         = 1048576                                   {product} {ergonomic}
    uintx GCDrainStackTargetSize                   = 64                                        {product} {ergonomic}
   size_t InitialHeapSize                          = 268435456                                 {product} {ergonomic}
   size_t MarkStackSize                            = 4194304                                   {product} {ergonomic}
   size_t MaxHeapSize                              = 1610612736                                {product} {command line}
   size_t MaxNewSize                               = 965738496                                 {product} {ergonomic}
   size_t MinHeapDeltaBytes                        = 1048576                                   {product} {ergonomic}
    uintx NonNMethodCodeHeapSize                   = 5836300                                {pd product} {ergonomic}
    uintx NonProfiledCodeHeapSize                  = 122910970                              {pd product} {ergonomic}
    uintx ProfiledCodeHeapSize                     = 122910970                              {pd product} {ergonomic}
    uintx ReservedCodeCacheSize                    = 251658240                              {pd product} {ergonomic}
     bool SegmentedCodeCache                       = true                                      {product} {ergonomic}
     bool UseCompressedClassPointers               = true                                 {lp64_product} {ergonomic}
     bool UseCompressedOops                        = true                                 {lp64_product} {ergonomic}
     bool UseG1GC                                  = true                                      {product} {ergonomic}

Logging:
Log output configuration:
 #0: stdout all=warning uptime,level,tags
 #1: stderr all=off uptime,level,tags

Environment Variables:
JAVA_HOME=/Library/Java/JavaVirtualMachines/jdk-11.0.14.jdk
PATH=/Users/perrettj4/.sdkman/candidates/scala/current/bin:/Users/perrettj4/.sdkman/candidates/sbt/current/bin:/opt/homebrew/bin:/usr/local/bin:/usr/bin:/bin:/usr/sbin:/sbin:/Users/perrettj4/.local/bin
SHELL=/bin/zsh

Signal Handlers:
SIGSEGV: [libjvm.dylib+0x789b18], sa_mask[0]=11111111111111111111111111111111, sa_flags=SA_ONSTACK|SA_RESTART|SA_SIGINFO
SIGBUS: [libjvm.dylib+0x789b18], sa_mask[0]=11111111111111111111111111111111, sa_flags=SA_RESTART|SA_SIGINFO
SIGFPE: [libjvm.dylib+0x789b18], sa_mask[0]=11111111111111111111111111111111, sa_flags=SA_RESTART|SA_SIGINFO
SIGPIPE: [libjvm.dylib+0x63c69b], sa_mask[0]=11111111111111111111111111111111, sa_flags=SA_RESTART|SA_SIGINFO
SIGXFSZ: [libjvm.dylib+0x63c69b], sa_mask[0]=11111111111111111111111111111111, sa_flags=SA_RESTART|SA_SIGINFO
SIGILL: [libjvm.dylib+0x789b18], sa_mask[0]=11111111111111111111111111111111, sa_flags=SA_RESTART|SA_SIGINFO
SIGUSR2: [libjvm.dylib+0x63cc70], sa_mask[0]=00100000000000000000000000000000, sa_flags=SA_RESTART|SA_SIGINFO
SIGHUP: [libjvm.dylib+0x63b773], sa_mask[0]=11111111111111111111111111111111, sa_flags=SA_RESTART|SA_SIGINFO
SIGINT: [libjvm.dylib+0x63b773], sa_mask[0]=11111111111111111111111111111111, sa_flags=SA_RESTART|SA_SIGINFO
SIGTERM: [libjvm.dylib+0x63b773], sa_mask[0]=11111111111111111111111111111111, sa_flags=SA_RESTART|SA_SIGINFO
SIGQUIT: [libjvm.dylib+0x63b773], sa_mask[0]=11111111111111111111111111111111, sa_flags=SA_RESTART|SA_SIGINFO


---------------  S Y S T E M  ---------------

OS:uname:Darwin 21.3.0 Darwin Kernel Version 21.3.0: Wed Jan  5 21:37:58 PST 2022; root:xnu-8019.80.24~20/RELEASE_ARM64_T8101 x86_64
rlimit: STACK 8176k, CORE 0k, NPROC 2666, NOFILE 10240, AS infinity, DATA infinity, FSIZE infinity
load average:4.52 3.22 2.70

CPU:total 8 (initial active 8) (1 cores per cpu, 1 threads per core) family 6 model 44 stepping 0 microcode 0x0, cmov, cx8, fxsr, mmx, sse, sse2, sse3, ssse3, sse4.1, sse4.2, popcnt, aes, clmul, tsc, tscinvbit, tscinv

Memory: 4k page, physical 16777216k(26052k free)

vm_info: Java HotSpot(TM) 64-Bit Server VM (11.0.14+8-LTS-263) for bsd-amd64 JRE (11.0.14+8-LTS-263), built on Dec  7 2021 21:55:44 by "mach5one" with gcc 4.2.1 Compatible Apple LLVM 11.0.0 (clang-1100.0.33.17)

END.
